[INFO] Scanning for projects...
[INFO]                                                                         
[INFO] ------------------------------------------------------------------------
[INFO] Building Spring Data Book - GemFire 1.0.0.BUILD-SNAPSHOT
[INFO] ------------------------------------------------------------------------
[INFO] 
[INFO] --- maven-resources-plugin:2.6:resources (default-resources) @ spring-data-book-gemfire ---
[INFO] Using 'UTF-8' encoding to copy filtered resources.
[INFO] Copying 2 resources
[INFO] 
[INFO] --- maven-compiler-plugin:3.0:compile (default-compile) @ spring-data-book-gemfire ---
[INFO] Nothing to compile - all classes are up to date
[INFO] 
[INFO] --- maven-resources-plugin:2.6:testResources (default-testResources) @ spring-data-book-gemfire ---
[INFO] Using 'UTF-8' encoding to copy filtered resources.
[INFO] Copying 2 resources
[INFO] 
[INFO] --- maven-compiler-plugin:3.0:testCompile (default-testCompile) @ spring-data-book-gemfire ---
[INFO] Nothing to compile - all classes are up to date
[INFO] 
[INFO] --- maven-surefire-plugin:2.13:test (default-test) @ spring-data-book-gemfire ---
[INFO] Surefire report directory: /home/guilherme/spring-projects/maven/spring-data-book/gemfire/target/surefire-reports

-------------------------------------------------------
 T E S T S
-------------------------------------------------------

-------------------------------------------------------
 T E S T S
-------------------------------------------------------
Running com.oreilly.springdata.gemfire.ApplicationConfigTest
2017-03-03 10:41:35,747  INFO ation.AnnotationConfigApplicationContext: 510 - Refreshing org.springframework.context.annotation.AnnotationConfigApplicationContext@4f7d0008: startup date [Fri Mar 03 10:41:35 BRT 2017]; root of context hierarchy
2017-03-03 10:41:35,810  INFO t.support.ClassPathXmlApplicationContext: 510 - Refreshing org.springframework.context.support.ClassPathXmlApplicationContext@5ef60048: startup date [Fri Mar 03 10:41:35 BRT 2017]; root of context hierarchy
2017-03-03 10:41:35,817  INFO eans.factory.xml.XmlBeanDefinitionReader: 315 - Loading XML bean definitions from class path resource [META-INF/spring/application-context.xml]
2017-03-03 10:41:35,941  INFO eans.factory.xml.XmlBeanDefinitionReader: 315 - Loading XML bean definitions from class path resource [META-INF/spring/cache-config.xml]
2017-03-03 10:41:36,211  INFO ctory.support.DefaultListableBeanFactory: 596 - Pre-instantiating singletons in org.springframework.beans.factory.support.DefaultListableBeanFactory@2e005c4b: defining beans [gemfireCache,Customer,Order,Product,productRepository,orderRepository,customerRepository,org.springframework.data.repository.core.support.RepositoryInterfaceAwareBeanPostProcessor#0]; root of factory hierarchy

[info 2017/03/03 10:41:36.506 BRT  <main> tid=0x1] 
  ---------------------------------------------------------------------------
  
    Copyright (C) 1997-2012 VMware, Inc. All rights reserved. This product is
    protected by U.S. and international copyright and intellectual property
    laws. VMware products are covered by one or more patents listed at
    http://www.vmware.com/go/patents.  VMware is a registered trademark or
    trademark of VMware, Inc. in the United States and/or other jurisdictions.
    All other marks and names mentioned herein may be trademarks of their
    respective companies.
  
  ---------------------------------------------------------------------------
  Java version:   7.0 build 38623 10/16/2012 09:37:20 PDT javac 1.6.0_26
  Native version: native code unavailable
  Source revision: 38623
  Source repository: gemfire/trunk
  Running on: /10.10.1.52, 4 cpu(s), amd64 Linux 4.4.0-64-generic
  Process ID: 10639
  User: guilherme
  Current dir: /home/guilherme/spring-projects/maven/spring-data-book/gemfire
  Home dir: /home/guilherme
  Class Path:
    /home/guilherme/spring-projects/maven/spring-data-book/gemfire/target/test-classes
    /home/guilherme/spring-projects/maven/spring-data-book/gemfire/target/classes
    /home/guilherme/.m2/repository/org/springframework/data/spring-data-gemfire/1.3.0.M1/spring-data-gemfire-1.3.0.M1.jar
    /home/guilherme/.m2/repository/antlr/antlr/2.7.7/antlr-2.7.7.jar
    /home/guilherme/.m2/repository/com/gemstone/gemfire/gemfire/7.0/gemfire-7.0.jar
    /home/guilherme/.m2/repository/org/springframework/spring-context-support/3.2.1.RELEASE/spring-context-support-3.2.1.RELEASE.jar
    /home/guilherme/.m2/repository/org/mockito/mockito-core/1.9.0/mockito-core-1.9.0.jar
    /home/guilherme/.m2/repository/org/objenesis/objenesis/1.0/objenesis-1.0.jar
    /home/guilherme/.m2/repository/org/springframework/data/spring-data-commons/1.5.0.RELEASE/spring-data-commons-1.5.0.RELEASE.jar
    /home/guilherme/.m2/repository/commons-modeler/commons-modeler/2.0.1/commons-modeler-2.0.1.jar
    /home/guilherme/.m2/repository/commons-digester/commons-digester/1.4.1/commons-digester-1.4.1.jar
    /home/guilherme/.m2/repository/commons-beanutils/commons-beanutils/1.6/commons-beanutils-1.6.jar
    /home/guilherme/.m2/repository/commons-logging/commons-logging/1.0/commons-logging-1.0.jar
    /home/guilherme/.m2/repository/commons-collections/commons-collections/2.1/commons-collections-2.1.jar
    /home/guilherme/.m2/repository/xml-apis/xml-apis/1.0.b2/xml-apis-1.0.b2.jar
    /home/guilherme/.m2/repository/commons-logging/commons-logging-api/1.0.4/commons-logging-api-1.0.4.jar
    /home/guilherme/.m2/repository/org/springframework/spring-tx/3.2.1.RELEASE/spring-tx-3.2.1.RELEASE.jar
    /home/guilherme/.m2/repository/aopalliance/aopalliance/1.0/aopalliance-1.0.jar
    /home/guilherme/.m2/repository/org/springframework/spring-expression/3.2.1.RELEASE/spring-expression-3.2.1.RELEASE.jar
    /home/guilherme/.m2/repository/org/springframework/spring-core/3.2.1.RELEASE/spring-core-3.2.1.RELEASE.jar
    /home/guilherme/.m2/repository/org/springframework/spring-beans/3.2.1.RELEASE/spring-beans-3.2.1.RELEASE.jar
    /home/guilherme/.m2/repository/org/springframework/spring-context/3.2.1.RELEASE/spring-context-3.2.1.RELEASE.jar
    /home/guilherme/.m2/repository/org/springframework/spring-aop/3.2.1.RELEASE/spring-aop-3.2.1.RELEASE.jar
    /home/guilherme/.m2/repository/org/slf4j/slf4j-api/1.7.1/slf4j-api-1.7.1.jar
    /home/guilherme/.m2/repository/org/slf4j/jcl-over-slf4j/1.7.1/jcl-over-slf4j-1.7.1.jar
    /home/guilherme/.m2/repository/ch/qos/logback/logback-classic/1.0.6/logback-classic-1.0.6.jar
    /home/guilherme/.m2/repository/ch/qos/logback/logback-core/1.0.6/logback-core-1.0.6.jar
    /home/guilherme/.m2/repository/org/hamcrest/hamcrest-library/1.3/hamcrest-library-1.3.jar
    /home/guilherme/.m2/repository/org/hamcrest/hamcrest-core/1.3/hamcrest-core-1.3.jar
    /home/guilherme/.m2/repository/junit/junit-dep/4.10/junit-dep-4.10.jar
    /home/guilherme/.m2/repository/org/springframework/spring-test/3.2.1.RELEASE/spring-test-3.2.1.RELEASE.jar
  Library Path:
    /usr/java/packages/lib/amd64
    /usr/lib64
    /lib64
    /lib
    /usr/lib
  System Properties:
      awt.toolkit = sun.awt.X11.XToolkit
      basedir = /home/guilherme/spring-projects/maven/spring-data-book/gemfire
      file.encoding = UTF-8
      file.encoding.pkg = sun.io
      file.separator = /
      java.awt.graphicsenv = sun.awt.X11GraphicsEnvironment
      java.awt.printerjob = sun.print.PSPrinterJob
      java.class.version = 52.0
      java.endorsed.dirs = /usr/lib/jvm/java-8-oracle/jre/lib/endorsed
      java.ext.dirs = /usr/lib/jvm/java-8-oracle/jre/lib/ext:/usr/java/packages/lib/ext
      java.home = /usr/lib/jvm/java-8-oracle/jre
      java.io.tmpdir = /tmp
      java.runtime.name = Java(TM) SE Runtime Environment
      java.runtime.version = 1.8.0_101-b13
      java.specification.name = Java Platform API Specification
      java.specification.vendor = Oracle Corporation
      java.specification.version = 1.8
      java.vendor = Oracle Corporation
      java.vendor.url = http://java.oracle.com/
      java.vendor.url.bug = http://bugreport.sun.com/bugreport/
      java.version = 1.8.0_101
      java.vm.info = mixed mode
      java.vm.name = Java HotSpot(TM) 64-Bit Server VM
      java.vm.specification.name = Java Virtual Machine Specification
      java.vm.specification.vendor = Oracle Corporation
      java.vm.specification.version = 1.8
      java.vm.vendor = Oracle Corporation
      java.vm.version = 25.101-b13
      line.separator = 
  
      localRepository = /home/guilherme/.m2/repository
      os.version = 4.4.0-64-generic
      p2p.useSSL = false
      path.separator = :
      sun.arch.data.model = 64
      sun.boot.class.path = /usr/lib/jvm/java-8-oracle/jre/lib/resources.jar:/usr/lib/jvm/java-8-oracle/jre/lib/rt.jar:/usr/lib/jvm/java-8-oracle/jre/lib/sunrsasign.jar:/usr/lib/jvm/java-8-oracle/jre/lib/jsse.jar:/usr/lib/jvm/java-8-oracle/jre/lib/jce.jar:/usr/lib/jvm/java-8-oracle/jre/lib/charsets.jar:/usr/lib/jvm/java-8-oracle/jre/lib/jfr.jar:/usr/lib/jvm/java-8-oracle/jre/classes
      sun.boot.library.path = /usr/lib/jvm/java-8-oracle/jre/lib/amd64
      sun.cpu.endian = little
      sun.cpu.isalist = 
      sun.desktop = gnome
      sun.io.unicode.encoding = UnicodeLittle
      sun.java.command = /home/guilherme/spring-projects/maven/spring-data-book/gemfire/target/surefire/surefirebooter1097437150288202980.jar /home/guilherme/spring-projects/maven/spring-data-book/gemfire/target/surefire/surefire7994873067598261475tmp /home/guilherme/spring-projects/maven/spring-data-book/gemfire/target/surefire/surefire_08561702676702356828tmp
      sun.java.launcher = SUN_STANDARD
      sun.jnu.encoding = UTF-8
      sun.management.compiler = HotSpot 64-Bit Tiered Compilers
      sun.nio.ch.bugLevel = 
      sun.os.patch.level = unknown
      surefire.real.class.path = /home/guilherme/spring-projects/maven/spring-data-book/gemfire/target/surefire/surefirebooter1097437150288202980.jar
      surefire.test.class.path = /home/guilherme/spring-projects/maven/spring-data-book/gemfire/target/test-classes:/home/guilherme/spring-projects/maven/spring-data-book/gemfire/target/classes:/home/guilherme/.m2/repository/org/springframework/data/spring-data-gemfire/1.3.0.M1/spring-data-gemfire-1.3.0.M1.jar:/home/guilherme/.m2/repository/antlr/antlr/2.7.7/antlr-2.7.7.jar:/home/guilherme/.m2/repository/com/gemstone/gemfire/gemfire/7.0/gemfire-7.0.jar:/home/guilherme/.m2/repository/org/springframework/spring-context-support/3.2.1.RELEASE/spring-context-support-3.2.1.RELEASE.jar:/home/guilherme/.m2/repository/org/mockito/mockito-core/1.9.0/mockito-core-1.9.0.jar:/home/guilherme/.m2/repository/org/objenesis/objenesis/1.0/objenesis-1.0.jar:/home/guilherme/.m2/repository/org/springframework/data/spring-data-commons/1.5.0.RELEASE/spring-data-commons-1.5.0.RELEASE.jar:/home/guilherme/.m2/repository/commons-modeler/commons-modeler/2.0.1/commons-modeler-2.0.1.jar:/home/guilherme/.m2/repository/commons-digester/commons-digester/1.4.1/commons-digester-1.4.1.jar:/home/guilherme/.m2/repository/commons-beanutils/commons-beanutils/1.6/commons-beanutils-1.6.jar:/home/guilherme/.m2/repository/commons-logging/commons-logging/1.0/commons-logging-1.0.jar:/home/guilherme/.m2/repository/commons-collections/commons-collections/2.1/commons-collections-2.1.jar:/home/guilherme/.m2/repository/xml-apis/xml-apis/1.0.b2/xml-apis-1.0.b2.jar:/home/guilherme/.m2/repository/commons-logging/commons-logging-api/1.0.4/commons-logging-api-1.0.4.jar:/home/guilherme/.m2/repository/org/springframework/spring-tx/3.2.1.RELEASE/spring-tx-3.2.1.RELEASE.jar:/home/guilherme/.m2/repository/aopalliance/aopalliance/1.0/aopalliance-1.0.jar:/home/guilherme/.m2/repository/org/springframework/spring-expression/3.2.1.RELEASE/spring-expression-3.2.1.RELEASE.jar:/home/guilherme/.m2/repository/org/springframework/spring-core/3.2.1.RELEASE/spring-core-3.2.1.RELEASE.jar:/home/guilherme/.m2/repository/org/springframework/spring-beans/3.2.1.RELEASE/spring-beans-3.2.1.RELEASE.jar:/home/guilherme/.m2/repository/org/springframework/spring-context/3.2.1.RELEASE/spring-context-3.2.1.RELEASE.jar:/home/guilherme/.m2/repository/org/springframework/spring-aop/3.2.1.RELEASE/spring-aop-3.2.1.RELEASE.jar:/home/guilherme/.m2/repository/org/slf4j/slf4j-api/1.7.1/slf4j-api-1.7.1.jar:/home/guilherme/.m2/repository/org/slf4j/jcl-over-slf4j/1.7.1/jcl-over-slf4j-1.7.1.jar:/home/guilherme/.m2/repository/ch/qos/logback/logback-classic/1.0.6/logback-classic-1.0.6.jar:/home/guilherme/.m2/repository/ch/qos/logback/logback-core/1.0.6/logback-core-1.0.6.jar:/home/guilherme/.m2/repository/org/hamcrest/hamcrest-library/1.3/hamcrest-library-1.3.jar:/home/guilherme/.m2/repository/org/hamcrest/hamcrest-core/1.3/hamcrest-core-1.3.jar:/home/guilherme/.m2/repository/junit/junit-dep/4.10/junit-dep-4.10.jar:/home/guilherme/.m2/repository/org/springframework/spring-test/3.2.1.RELEASE/spring-test-3.2.1.RELEASE.jar:
      user.country = US
      user.country.format = BR
      user.language = en
      user.language.format = pt
      user.timezone = America/Fortaleza
  ---------------------------------------------------------------------------
  

[config 2017/03/03 10:41:36.517 BRT  <main> tid=0x1] Startup Configuration:
   ### GemFire Properties using default values ###
  ack-severe-alert-threshold=0
  ack-wait-threshold=15
  archive-disk-space-limit=0
  archive-file-size-limit=0
  async-distribution-timeout=0
  async-max-queue-size=8
  async-queue-timeout=60000
  bind-address=
  cache-xml-file=cache.xml
  conflate-events=server
  conserve-sockets=true
  delta-propagation=true
  deploy-working-dir=/home/guilherme/spring-projects/maven/spring-data-book/gemfire
  disable-tcp=false
  distributed-system-id=-1
  durable-client-id=
  durable-client-timeout=300
  enable-network-partition-detection=false
  enable-time-statistics=false
  enforce-unique-host=false
  groups=
  jmx-manager=false
  jmx-manager-access-file=
  jmx-manager-bind-address=
  jmx-manager-hostname-for-clients=
  jmx-manager-http-port=8080
  jmx-manager-password-file=
  jmx-manager-port=1099
  jmx-manager-ssl=false
  jmx-manager-start=false
  jmx-manager-update-rate=2000
  license-application-cache=
  license-data-management=
  license-server-timeout=10000
  license-working-dir=
  locators=
  log-disk-space-limit=0
  log-file=
  log-file-size-limit=0
  log-level=config
  max-num-reconnect-tries=3
  max-wait-time-reconnect=10000
  mcast-address=239.192.81.1
  mcast-flow-control=1048576, 0.25, 5000
  mcast-port=10334
  mcast-recv-buffer-size=1048576
  mcast-send-buffer-size=65535
  mcast-ttl=32
  member-timeout=5000
  membership-port-range=1024-65535
  memcached-port=0
  memcached-protocol=ASCII
  name=
  redundancy-zone=
  remote-locators=
  remove-unresponsive-client=false
  roles=
  security-=
  security-client-accessor=
  security-client-accessor-pp=
  security-client-auth-init=
  security-client-authenticator=
  security-client-dhalgo=
  security-log-file=
  security-log-level=config
  security-peer-auth-init=
  security-peer-authenticator=
  security-peer-verifymember-timeout=1000
  server-bind-address=
  socket-buffer-size=32768
  socket-lease-time=60000
  ssl-ciphers=any
  ssl-enabled=false
  ssl-protocols=any
  ssl-require-authentication=true
  start-locator=
  statistic-archive-file=
  statistic-sample-rate=1000
  statistic-sampling-enabled=true
  tcp-port=0
  udp-fragment-size=60000
  udp-recv-buffer-size=1048576
  udp-send-buffer-size=65535
  writable-working-dir=
  

[info 2017/03/03 10:41:36.519 BRT  <main> tid=0x1] Defaulting license-working-dir to current working directory "/home/guilherme/spring-projects/maven/spring-data-book/gemfire".

[info 2017/03/03 10:41:36.522 BRT  <main> tid=0x1] Acquiring default evaluation license.

[info 2017/03/03 10:41:36.767 BRT  <main> tid=0x1] vFabric Licensing Client activation of license required 245 milliseconds.

[info 2017/03/03 10:41:36.803 BRT  <main> tid=0x1] Using the default evaluation license.

[info 2017/03/03 10:41:36.804 BRT  <main> tid=0x1] Licensing required 286 milliseconds.

[info 2017/03/03 10:41:36.874 BRT  <main> tid=0x1] GemFire P2P Listener started on  tcp:///10.10.1.52:35094

[info 2017/03/03 10:41:36.958 BRT  <main> tid=0x1] requested unicast receive buffer size of 1.048.576 but got 212.992: This is an operating system limit. If you would like to change it, please see your system administrator.

[info 2017/03/03 10:41:36.958 BRT  <main> tid=0x1] requested multicast receive buffer size of 1.048.576 but got 212.992: This is an operating system limit. If you would like to change it, please see your system administrator.

[info 2017/03/03 10:41:36.958 BRT  <main> tid=0x1] requested multicast receive buffer size of 1.048.576 but got 212.992: This is an operating system limit. If you would like to change it, please see your system administrator.

[config 2017/03/03 10:41:40.983 BRT  <main> tid=0x1] This member, dell-eno1(10639):8513, is becoming group coordinator.

[info 2017/03/03 10:41:40.995 BRT  <main> tid=0x1] Entered into membership in group GF70 with ID dell-eno1(10639):8513.

[info 2017/03/03 10:41:40.996 BRT  <main> tid=0x1] Starting DistributionManager dell-eno1(10639):8513. 

[info 2017/03/03 10:41:40.997 BRT  <main> tid=0x1] Initial (membershipManager) view =  [dell-eno1(10639):8513]

[info 2017/03/03 10:41:40.997 BRT  <main> tid=0x1] Admitting member <dell-eno1(10639):8513>. Now there are 1 non-admin member(s).

[info 2017/03/03 10:41:40.998 BRT  <main> tid=0x1] dell-eno1(10639):8513 is the elder and the only member.

[info 2017/03/03 10:41:41.004 BRT  <main> tid=0x1] Did not hear back from any other system. I am the first one.

[info 2017/03/03 10:41:41.004 BRT  <main> tid=0x1] DistributionManager dell-eno1(10639):8513 started on 239.192.81.1[10334]. There were 0 other DMs. others: []  

[info 2017/03/03 10:41:41.069 BRT  <Thread-2 StatSampler> tid=0x20] Disabling statistic archival.

[info 2017/03/03 10:41:41.330 BRT  <main> tid=0x1] Initializing region _monitoringRegion_dell-eno1(10639)8513

[config 2017/03/03 10:41:41.348 BRT  <main> tid=0x1] Command Service could not be initialized. Could not find Spring Shell library which is needed for CLI/gfsh in classpath. Internal support for CLI & gfsh is not enabled.

[info 2017/03/03 10:41:41.382 BRT  <main> tid=0x1] Initializing region PdxTypes
2017-03-03 10:41:41,388  INFO gframework.data.gemfire.CacheFactoryBean: 304 - Connected to Distributed System [=dell-eno1(10639):8513@dell-eno1]
2017-03-03 10:41:41,388  INFO gframework.data.gemfire.CacheFactoryBean: 307 - Created GemFire v.7.0 Cache []

[info 2017/03/03 10:41:41.404 BRT  <main> tid=0x1] Initializing region Customer
2017-03-03 10:41:41,411  INFO data.gemfire.ReplicatedRegionFactoryBean: 177 - Created new cache region [Customer]

[info 2017/03/03 10:41:41.413 BRT  <main> tid=0x1] Initializing region Order
2017-03-03 10:41:41,414  INFO data.gemfire.ReplicatedRegionFactoryBean: 177 - Created new cache region [Order]

[info 2017/03/03 10:41:41.416 BRT  <main> tid=0x1] Initializing region Product
2017-03-03 10:41:41,417  INFO data.gemfire.ReplicatedRegionFactoryBean: 177 - Created new cache region [Product]
2017-03-03 10:41:41,441  INFO ontext.support.DefaultLifecycleProcessor: 334 - Starting beans in phase 2147483647
Tests run: 2, Failures: 0, Errors: 1, Skipped: 0, Time elapsed: 6.193 sec <<< FAILURE!
bootstrapAppFromJavaConfig(com.oreilly.springdata.gemfire.ApplicationConfigTest)  Time elapsed: 0.47 sec  <<< ERROR!
java.lang.IllegalArgumentException: null
	at org.springframework.asm.ClassReader.<init>(Unknown Source)
	at org.springframework.asm.ClassReader.<init>(Unknown Source)
	at org.springframework.asm.ClassReader.<init>(Unknown Source)
	at org.springframework.core.type.classreading.SimpleMetadataReader.<init>(SimpleMetadataReader.java:52)
	at org.springframework.core.type.classreading.SimpleMetadataReaderFactory.getMetadataReader(SimpleMetadataReaderFactory.java:80)
	at org.springframework.core.type.classreading.CachingMetadataReaderFactory.getMetadataReader(CachingMetadataReaderFactory.java:102)
	at org.springframework.core.type.classreading.SimpleMetadataReaderFactory.getMetadataReader(SimpleMetadataReaderFactory.java:76)
	at org.springframework.context.annotation.ConfigurationClassParser.getImports(ConfigurationClassParser.java:298)
	at org.springframework.context.annotation.ConfigurationClassParser.getImports(ConfigurationClassParser.java:300)
	at org.springframework.context.annotation.ConfigurationClassParser.getImports(ConfigurationClassParser.java:300)
	at org.springframework.context.annotation.ConfigurationClassParser.doProcessConfigurationClass(ConfigurationClassParser.java:230)
	at org.springframework.context.annotation.ConfigurationClassParser.processConfigurationClass(ConfigurationClassParser.java:153)
	at org.springframework.context.annotation.ConfigurationClassParser.parse(ConfigurationClassParser.java:139)
	at org.springframework.context.annotation.ConfigurationClassPostProcessor.processConfigBeanDefinitions(ConfigurationClassPostProcessor.java:282)
	at org.springframework.context.annotation.ConfigurationClassPostProcessor.postProcessBeanDefinitionRegistry(ConfigurationClassPostProcessor.java:223)
	at org.springframework.context.support.AbstractApplicationContext.invokeBeanFactoryPostProcessors(AbstractApplicationContext.java:630)
	at org.springframework.context.support.AbstractApplicationContext.refresh(AbstractApplicationContext.java:461)
	at org.springframework.context.annotation.AnnotationConfigApplicationContext.<init>(AnnotationConfigApplicationContext.java:73)
	at com.oreilly.springdata.gemfire.ApplicationConfigTest.bootstrapAppFromJavaConfig(ApplicationConfigTest.java:38)


[info 2017/03/03 10:41:41.445 BRT  <Distributed system shutdown hook> tid=0x9] VM is exiting - shutting down distributed system

[info 2017/03/03 10:41:41.489 BRT  <Distributed system shutdown hook> tid=0x9] GemFireCache[id = 1622458036; isClosing = true; isShutDownAll = false; closingGatewayHubsByShutdownAll = false; created = Fri Mar 03 10:41:41 BRT 2017; server = false; copyOnRead = false; lockLease = 120; lockTimeout = 60]: Now closing.

[info 2017/03/03 10:41:41.502 BRT  <Distributed system shutdown hook> tid=0x9] Resetting original MemoryPoolMXBean heap threshold bytes 0 on pool PS Old Gen

[info 2017/03/03 10:41:41.515 BRT  <Distributed system shutdown hook> tid=0x9] Shutting down DistributionManager dell-eno1(10639):8513. 

[info 2017/03/03 10:41:41.617 BRT  <Distributed system shutdown hook> tid=0x9] Now closing distribution for dell-eno1(10639):8513

[config 2017/03/03 10:41:41.618 BRT  <Distributed system shutdown hook> tid=0x9] Membership: sending new view [[dell-eno1(10639)<v0>:8513|1] []] (0 mbrs)
  

[info 2017/03/03 10:41:41.620 BRT  <Distributed system shutdown hook> tid=0x9] DistributionManager stopped in 105ms.

[info 2017/03/03 10:41:41.621 BRT  <Distributed system shutdown hook> tid=0x9] Marking DistributionManager dell-eno1(10639):8513 as closed.
Running com.oreilly.springdata.gemfire.order.OrderRepositoryIntegrationTest
2017-03-03 10:41:42,106  INFO ontext.support.GenericApplicationContext: 510 - Refreshing org.springframework.context.support.GenericApplicationContext@711f39f9: startup date [Fri Mar 03 10:41:42 BRT 2017]; root of context hierarchy
2017-03-03 10:41:42,153 ERROR ramework.test.context.TestContextManager: 315 - Caught exception while allowing TestExecutionListener [org.springframework.test.context.support.DependencyInjectionTestExecutionListener@1df82230] to prepare test instance [com.oreilly.springdata.gemfire.order.OrderRepositoryIntegrationTest@22635ba0]
java.lang.IllegalStateException: Failed to load ApplicationContext
	at org.springframework.test.context.TestContext.getApplicationContext(TestContext.java:157) ~[spring-test-3.2.1.RELEASE.jar:3.2.1.RELEASE]
	at org.springframework.test.context.support.DependencyInjectionTestExecutionListener.injectDependencies(DependencyInjectionTestExecutionListener.java:109) ~[spring-test-3.2.1.RELEASE.jar:3.2.1.RELEASE]
	at org.springframework.test.context.support.DependencyInjectionTestExecutionListener.prepareTestInstance(DependencyInjectionTestExecutionListener.java:75) ~[spring-test-3.2.1.RELEASE.jar:3.2.1.RELEASE]
	at org.springframework.test.context.TestContextManager.prepareTestInstance(TestContextManager.java:313) ~[spring-test-3.2.1.RELEASE.jar:3.2.1.RELEASE]
	at org.springframework.test.context.junit4.SpringJUnit4ClassRunner.createTest(SpringJUnit4ClassRunner.java:211) [spring-test-3.2.1.RELEASE.jar:3.2.1.RELEASE]
	at org.springframework.test.context.junit4.SpringJUnit4ClassRunner$1.runReflectiveCall(SpringJUnit4ClassRunner.java:288) [spring-test-3.2.1.RELEASE.jar:3.2.1.RELEASE]
	at org.junit.internal.runners.model.ReflectiveCallable.run(ReflectiveCallable.java:15) [junit-dep-4.10.jar:na]
	at org.springframework.test.context.junit4.SpringJUnit4ClassRunner.methodBlock(SpringJUnit4ClassRunner.java:284) [spring-test-3.2.1.RELEASE.jar:3.2.1.RELEASE]
	at org.springframework.test.context.junit4.SpringJUnit4ClassRunner.runChild(SpringJUnit4ClassRunner.java:231) [spring-test-3.2.1.RELEASE.jar:3.2.1.RELEASE]
	at org.springframework.test.context.junit4.SpringJUnit4ClassRunner.runChild(SpringJUnit4ClassRunner.java:88) [spring-test-3.2.1.RELEASE.jar:3.2.1.RELEASE]
	at org.junit.runners.ParentRunner$3.run(ParentRunner.java:231) [junit-dep-4.10.jar:na]
	at org.junit.runners.ParentRunner$1.schedule(ParentRunner.java:60) [junit-dep-4.10.jar:na]
	at org.junit.runners.ParentRunner.runChildren(ParentRunner.java:229) [junit-dep-4.10.jar:na]
	at org.junit.runners.ParentRunner.access$000(ParentRunner.java:50) [junit-dep-4.10.jar:na]
	at org.junit.runners.ParentRunner$2.evaluate(ParentRunner.java:222) [junit-dep-4.10.jar:na]
	at org.springframework.test.context.junit4.statements.RunBeforeTestClassCallbacks.evaluate(RunBeforeTestClassCallbacks.java:61) [spring-test-3.2.1.RELEASE.jar:3.2.1.RELEASE]
	at org.springframework.test.context.junit4.statements.RunAfterTestClassCallbacks.evaluate(RunAfterTestClassCallbacks.java:71) [spring-test-3.2.1.RELEASE.jar:3.2.1.RELEASE]
	at org.junit.runners.ParentRunner.run(ParentRunner.java:300) [junit-dep-4.10.jar:na]
	at org.springframework.test.context.junit4.SpringJUnit4ClassRunner.run(SpringJUnit4ClassRunner.java:174) [spring-test-3.2.1.RELEASE.jar:3.2.1.RELEASE]
	at org.apache.maven.surefire.junit4.JUnit4Provider.execute(JUnit4Provider.java:264) [surefire-junit4-2.13.jar:2.13]
	at org.apache.maven.surefire.junit4.JUnit4Provider.executeTestSet(JUnit4Provider.java:153) [surefire-junit4-2.13.jar:2.13]
	at org.apache.maven.surefire.junit4.JUnit4Provider.invoke(JUnit4Provider.java:124) [surefire-junit4-2.13.jar:2.13]
	at sun.reflect.NativeMethodAccessorImpl.invoke0(Native Method) ~[na:1.8.0_101]
	at sun.reflect.NativeMethodAccessorImpl.invoke(NativeMethodAccessorImpl.java:62) ~[na:1.8.0_101]
	at sun.reflect.DelegatingMethodAccessorImpl.invoke(DelegatingMethodAccessorImpl.java:43) ~[na:1.8.0_101]
	at java.lang.reflect.Method.invoke(Method.java:498) ~[na:1.8.0_101]
	at org.apache.maven.surefire.util.ReflectionUtils.invokeMethodWithArray2(ReflectionUtils.java:208) [surefire-api-2.13.jar:2.13]
	at org.apache.maven.surefire.booter.ProviderFactory$ProviderProxy.invoke(ProviderFactory.java:158) [surefire-booter-2.13.jar:2.13]
	at org.apache.maven.surefire.booter.ProviderFactory.invokeProvider(ProviderFactory.java:86) [surefire-booter-2.13.jar:2.13]
	at org.apache.maven.surefire.booter.ForkedBooter.runSuitesInProcess(ForkedBooter.java:153) [surefire-booter-2.13.jar:2.13]
	at org.apache.maven.surefire.booter.ForkedBooter.main(ForkedBooter.java:95) [surefire-booter-2.13.jar:2.13]
Caused by: java.lang.IllegalArgumentException: null
	at org.springframework.asm.ClassReader.<init>(Unknown Source) ~[spring-core-3.2.1.RELEASE.jar:3.2.1.RELEASE]
	at org.springframework.asm.ClassReader.<init>(Unknown Source) ~[spring-core-3.2.1.RELEASE.jar:3.2.1.RELEASE]
	at org.springframework.asm.ClassReader.<init>(Unknown Source) ~[spring-core-3.2.1.RELEASE.jar:3.2.1.RELEASE]
	at org.springframework.core.type.classreading.SimpleMetadataReader.<init>(SimpleMetadataReader.java:52) ~[spring-core-3.2.1.RELEASE.jar:3.2.1.RELEASE]
	at org.springframework.core.type.classreading.SimpleMetadataReaderFactory.getMetadataReader(SimpleMetadataReaderFactory.java:80) ~[spring-core-3.2.1.RELEASE.jar:3.2.1.RELEASE]
	at org.springframework.core.type.classreading.CachingMetadataReaderFactory.getMetadataReader(CachingMetadataReaderFactory.java:102) ~[spring-core-3.2.1.RELEASE.jar:3.2.1.RELEASE]
	at org.springframework.core.type.classreading.SimpleMetadataReaderFactory.getMetadataReader(SimpleMetadataReaderFactory.java:76) ~[spring-core-3.2.1.RELEASE.jar:3.2.1.RELEASE]
	at org.springframework.context.annotation.ConfigurationClassParser.getImports(ConfigurationClassParser.java:298) ~[spring-context-3.2.1.RELEASE.jar:3.2.1.RELEASE]
	at org.springframework.context.annotation.ConfigurationClassParser.getImports(ConfigurationClassParser.java:300) ~[spring-context-3.2.1.RELEASE.jar:3.2.1.RELEASE]
	at org.springframework.context.annotation.ConfigurationClassParser.getImports(ConfigurationClassParser.java:300) ~[spring-context-3.2.1.RELEASE.jar:3.2.1.RELEASE]
	at org.springframework.context.annotation.ConfigurationClassParser.doProcessConfigurationClass(ConfigurationClassParser.java:230) ~[spring-context-3.2.1.RELEASE.jar:3.2.1.RELEASE]
	at org.springframework.context.annotation.ConfigurationClassParser.processConfigurationClass(ConfigurationClassParser.java:153) ~[spring-context-3.2.1.RELEASE.jar:3.2.1.RELEASE]
	at org.springframework.context.annotation.ConfigurationClassParser.parse(ConfigurationClassParser.java:139) ~[spring-context-3.2.1.RELEASE.jar:3.2.1.RELEASE]
	at org.springframework.context.annotation.ConfigurationClassPostProcessor.processConfigBeanDefinitions(ConfigurationClassPostProcessor.java:282) ~[spring-context-3.2.1.RELEASE.jar:3.2.1.RELEASE]
	at org.springframework.context.annotation.ConfigurationClassPostProcessor.postProcessBeanDefinitionRegistry(ConfigurationClassPostProcessor.java:223) ~[spring-context-3.2.1.RELEASE.jar:3.2.1.RELEASE]
	at org.springframework.context.support.AbstractApplicationContext.invokeBeanFactoryPostProcessors(AbstractApplicationContext.java:630) ~[spring-context-3.2.1.RELEASE.jar:3.2.1.RELEASE]
	at org.springframework.context.support.AbstractApplicationContext.refresh(AbstractApplicationContext.java:461) ~[spring-context-3.2.1.RELEASE.jar:3.2.1.RELEASE]
	at org.springframework.test.context.support.AbstractGenericContextLoader.loadContext(AbstractGenericContextLoader.java:106) ~[spring-test-3.2.1.RELEASE.jar:3.2.1.RELEASE]
	at org.springframework.test.context.support.AbstractGenericContextLoader.loadContext(AbstractGenericContextLoader.java:57) ~[spring-test-3.2.1.RELEASE.jar:3.2.1.RELEASE]
	at org.springframework.test.context.support.AbstractDelegatingSmartContextLoader.delegateLoading(AbstractDelegatingSmartContextLoader.java:100) ~[spring-test-3.2.1.RELEASE.jar:3.2.1.RELEASE]
	at org.springframework.test.context.support.AbstractDelegatingSmartContextLoader.loadContext(AbstractDelegatingSmartContextLoader.java:248) ~[spring-test-3.2.1.RELEASE.jar:3.2.1.RELEASE]
	at org.springframework.test.context.TestContext.loadApplicationContext(TestContext.java:124) ~[spring-test-3.2.1.RELEASE.jar:3.2.1.RELEASE]
	at org.springframework.test.context.TestContext.getApplicationContext(TestContext.java:148) ~[spring-test-3.2.1.RELEASE.jar:3.2.1.RELEASE]
	... 30 common frames omitted
2017-03-03 10:41:42,160  INFO ontext.support.GenericApplicationContext: 510 - Refreshing org.springframework.context.support.GenericApplicationContext@5db250b4: startup date [Fri Mar 03 10:41:42 BRT 2017]; root of context hierarchy
2017-03-03 10:41:42,162 ERROR ramework.test.context.TestContextManager: 315 - Caught exception while allowing TestExecutionListener [org.springframework.test.context.support.DependencyInjectionTestExecutionListener@1df82230] to prepare test instance [com.oreilly.springdata.gemfire.order.OrderRepositoryIntegrationTest@ec756bd]
java.lang.IllegalStateException: Failed to load ApplicationContext
	at org.springframework.test.context.TestContext.getApplicationContext(TestContext.java:157) ~[spring-test-3.2.1.RELEASE.jar:3.2.1.RELEASE]
	at org.springframework.test.context.support.DependencyInjectionTestExecutionListener.injectDependencies(DependencyInjectionTestExecutionListener.java:109) ~[spring-test-3.2.1.RELEASE.jar:3.2.1.RELEASE]
	at org.springframework.test.context.support.DependencyInjectionTestExecutionListener.prepareTestInstance(DependencyInjectionTestExecutionListener.java:75) ~[spring-test-3.2.1.RELEASE.jar:3.2.1.RELEASE]
	at org.springframework.test.context.TestContextManager.prepareTestInstance(TestContextManager.java:313) ~[spring-test-3.2.1.RELEASE.jar:3.2.1.RELEASE]
	at org.springframework.test.context.junit4.SpringJUnit4ClassRunner.createTest(SpringJUnit4ClassRunner.java:211) [spring-test-3.2.1.RELEASE.jar:3.2.1.RELEASE]
	at org.springframework.test.context.junit4.SpringJUnit4ClassRunner$1.runReflectiveCall(SpringJUnit4ClassRunner.java:288) [spring-test-3.2.1.RELEASE.jar:3.2.1.RELEASE]
	at org.junit.internal.runners.model.ReflectiveCallable.run(ReflectiveCallable.java:15) [junit-dep-4.10.jar:na]
	at org.springframework.test.context.junit4.SpringJUnit4ClassRunner.methodBlock(SpringJUnit4ClassRunner.java:284) [spring-test-3.2.1.RELEASE.jar:3.2.1.RELEASE]
	at org.springframework.test.context.junit4.SpringJUnit4ClassRunner.runChild(SpringJUnit4ClassRunner.java:231) [spring-test-3.2.1.RELEASE.jar:3.2.1.RELEASE]
	at org.springframework.test.context.junit4.SpringJUnit4ClassRunner.runChild(SpringJUnit4ClassRunner.java:88) [spring-test-3.2.1.RELEASE.jar:3.2.1.RELEASE]
	at org.junit.runners.ParentRunner$3.run(ParentRunner.java:231) [junit-dep-4.10.jar:na]
	at org.junit.runners.ParentRunner$1.schedule(ParentRunner.java:60) [junit-dep-4.10.jar:na]
	at org.junit.runners.ParentRunner.runChildren(ParentRunner.java:229) [junit-dep-4.10.jar:na]
	at org.junit.runners.ParentRunner.access$000(ParentRunner.java:50) [junit-dep-4.10.jar:na]
	at org.junit.runners.ParentRunner$2.evaluate(ParentRunner.java:222) [junit-dep-4.10.jar:na]
	at org.springframework.test.context.junit4.statements.RunBeforeTestClassCallbacks.evaluate(RunBeforeTestClassCallbacks.java:61) [spring-test-3.2.1.RELEASE.jar:3.2.1.RELEASE]
	at org.springframework.test.context.junit4.statements.RunAfterTestClassCallbacks.evaluate(RunAfterTestClassCallbacks.java:71) [spring-test-3.2.1.RELEASE.jar:3.2.1.RELEASE]
	at org.junit.runners.ParentRunner.run(ParentRunner.java:300) [junit-dep-4.10.jar:na]
	at org.springframework.test.context.junit4.SpringJUnit4ClassRunner.run(SpringJUnit4ClassRunner.java:174) [spring-test-3.2.1.RELEASE.jar:3.2.1.RELEASE]
	at org.apache.maven.surefire.junit4.JUnit4Provider.execute(JUnit4Provider.java:264) [surefire-junit4-2.13.jar:2.13]
	at org.apache.maven.surefire.junit4.JUnit4Provider.executeTestSet(JUnit4Provider.java:153) [surefire-junit4-2.13.jar:2.13]
	at org.apache.maven.surefire.junit4.JUnit4Provider.invoke(JUnit4Provider.java:124) [surefire-junit4-2.13.jar:2.13]
	at sun.reflect.NativeMethodAccessorImpl.invoke0(Native Method) ~[na:1.8.0_101]
	at sun.reflect.NativeMethodAccessorImpl.invoke(NativeMethodAccessorImpl.java:62) ~[na:1.8.0_101]
	at sun.reflect.DelegatingMethodAccessorImpl.invoke(DelegatingMethodAccessorImpl.java:43) ~[na:1.8.0_101]
	at java.lang.reflect.Method.invoke(Method.java:498) ~[na:1.8.0_101]
	at org.apache.maven.surefire.util.ReflectionUtils.invokeMethodWithArray2(ReflectionUtils.java:208) [surefire-api-2.13.jar:2.13]
	at org.apache.maven.surefire.booter.ProviderFactory$ProviderProxy.invoke(ProviderFactory.java:158) [surefire-booter-2.13.jar:2.13]
	at org.apache.maven.surefire.booter.ProviderFactory.invokeProvider(ProviderFactory.java:86) [surefire-booter-2.13.jar:2.13]
	at org.apache.maven.surefire.booter.ForkedBooter.runSuitesInProcess(ForkedBooter.java:153) [surefire-booter-2.13.jar:2.13]
	at org.apache.maven.surefire.booter.ForkedBooter.main(ForkedBooter.java:95) [surefire-booter-2.13.jar:2.13]
Caused by: java.lang.IllegalArgumentException: null
	at org.springframework.asm.ClassReader.<init>(Unknown Source) ~[spring-core-3.2.1.RELEASE.jar:3.2.1.RELEASE]
	at org.springframework.asm.ClassReader.<init>(Unknown Source) ~[spring-core-3.2.1.RELEASE.jar:3.2.1.RELEASE]
	at org.springframework.asm.ClassReader.<init>(Unknown Source) ~[spring-core-3.2.1.RELEASE.jar:3.2.1.RELEASE]
	at org.springframework.core.type.classreading.SimpleMetadataReader.<init>(SimpleMetadataReader.java:52) ~[spring-core-3.2.1.RELEASE.jar:3.2.1.RELEASE]
	at org.springframework.core.type.classreading.SimpleMetadataReaderFactory.getMetadataReader(SimpleMetadataReaderFactory.java:80) ~[spring-core-3.2.1.RELEASE.jar:3.2.1.RELEASE]
	at org.springframework.core.type.classreading.CachingMetadataReaderFactory.getMetadataReader(CachingMetadataReaderFactory.java:102) ~[spring-core-3.2.1.RELEASE.jar:3.2.1.RELEASE]
	at org.springframework.core.type.classreading.SimpleMetadataReaderFactory.getMetadataReader(SimpleMetadataReaderFactory.java:76) ~[spring-core-3.2.1.RELEASE.jar:3.2.1.RELEASE]
	at org.springframework.context.annotation.ConfigurationClassParser.getImports(ConfigurationClassParser.java:298) ~[spring-context-3.2.1.RELEASE.jar:3.2.1.RELEASE]
	at org.springframework.context.annotation.ConfigurationClassParser.getImports(ConfigurationClassParser.java:300) ~[spring-context-3.2.1.RELEASE.jar:3.2.1.RELEASE]
	at org.springframework.context.annotation.ConfigurationClassParser.getImports(ConfigurationClassParser.java:300) ~[spring-context-3.2.1.RELEASE.jar:3.2.1.RELEASE]
	at org.springframework.context.annotation.ConfigurationClassParser.doProcessConfigurationClass(ConfigurationClassParser.java:230) ~[spring-context-3.2.1.RELEASE.jar:3.2.1.RELEASE]
	at org.springframework.context.annotation.ConfigurationClassParser.processConfigurationClass(ConfigurationClassParser.java:153) ~[spring-context-3.2.1.RELEASE.jar:3.2.1.RELEASE]
	at org.springframework.context.annotation.ConfigurationClassParser.parse(ConfigurationClassParser.java:139) ~[spring-context-3.2.1.RELEASE.jar:3.2.1.RELEASE]
	at org.springframework.context.annotation.ConfigurationClassPostProcessor.processConfigBeanDefinitions(ConfigurationClassPostProcessor.java:282) ~[spring-context-3.2.1.RELEASE.jar:3.2.1.RELEASE]
	at org.springframework.context.annotation.ConfigurationClassPostProcessor.postProcessBeanDefinitionRegistry(ConfigurationClassPostProcessor.java:223) ~[spring-context-3.2.1.RELEASE.jar:3.2.1.RELEASE]
	at org.springframework.context.support.AbstractApplicationContext.invokeBeanFactoryPostProcessors(AbstractApplicationContext.java:630) ~[spring-context-3.2.1.RELEASE.jar:3.2.1.RELEASE]
	at org.springframework.context.support.AbstractApplicationContext.refresh(AbstractApplicationContext.java:461) ~[spring-context-3.2.1.RELEASE.jar:3.2.1.RELEASE]
	at org.springframework.test.context.support.AbstractGenericContextLoader.loadContext(AbstractGenericContextLoader.java:106) ~[spring-test-3.2.1.RELEASE.jar:3.2.1.RELEASE]
	at org.springframework.test.context.support.AbstractGenericContextLoader.loadContext(AbstractGenericContextLoader.java:57) ~[spring-test-3.2.1.RELEASE.jar:3.2.1.RELEASE]
	at org.springframework.test.context.support.AbstractDelegatingSmartContextLoader.delegateLoading(AbstractDelegatingSmartContextLoader.java:100) ~[spring-test-3.2.1.RELEASE.jar:3.2.1.RELEASE]
	at org.springframework.test.context.support.AbstractDelegatingSmartContextLoader.loadContext(AbstractDelegatingSmartContextLoader.java:248) ~[spring-test-3.2.1.RELEASE.jar:3.2.1.RELEASE]
	at org.springframework.test.context.TestContext.loadApplicationContext(TestContext.java:124) ~[spring-test-3.2.1.RELEASE.jar:3.2.1.RELEASE]
	at org.springframework.test.context.TestContext.getApplicationContext(TestContext.java:148) ~[spring-test-3.2.1.RELEASE.jar:3.2.1.RELEASE]
	... 30 common frames omitted
Tests run: 2, Failures: 0, Errors: 2, Skipped: 0, Time elapsed: 0.328 sec <<< FAILURE!
readOrder(com.oreilly.springdata.gemfire.order.OrderRepositoryIntegrationTest)  Time elapsed: 0.124 sec  <<< ERROR!
java.lang.IllegalStateException: Failed to load ApplicationContext
	at org.springframework.asm.ClassReader.<init>(Unknown Source)
	at org.springframework.asm.ClassReader.<init>(Unknown Source)
	at org.springframework.asm.ClassReader.<init>(Unknown Source)
	at org.springframework.core.type.classreading.SimpleMetadataReader.<init>(SimpleMetadataReader.java:52)
	at org.springframework.core.type.classreading.SimpleMetadataReaderFactory.getMetadataReader(SimpleMetadataReaderFactory.java:80)
	at org.springframework.core.type.classreading.CachingMetadataReaderFactory.getMetadataReader(CachingMetadataReaderFactory.java:102)
	at org.springframework.core.type.classreading.SimpleMetadataReaderFactory.getMetadataReader(SimpleMetadataReaderFactory.java:76)
	at org.springframework.context.annotation.ConfigurationClassParser.getImports(ConfigurationClassParser.java:298)
	at org.springframework.context.annotation.ConfigurationClassParser.getImports(ConfigurationClassParser.java:300)
	at org.springframework.context.annotation.ConfigurationClassParser.getImports(ConfigurationClassParser.java:300)
	at org.springframework.context.annotation.ConfigurationClassParser.doProcessConfigurationClass(ConfigurationClassParser.java:230)
	at org.springframework.context.annotation.ConfigurationClassParser.processConfigurationClass(ConfigurationClassParser.java:153)
	at org.springframework.context.annotation.ConfigurationClassParser.parse(ConfigurationClassParser.java:139)
	at org.springframework.context.annotation.ConfigurationClassPostProcessor.processConfigBeanDefinitions(ConfigurationClassPostProcessor.java:282)
	at org.springframework.context.annotation.ConfigurationClassPostProcessor.postProcessBeanDefinitionRegistry(ConfigurationClassPostProcessor.java:223)
	at org.springframework.context.support.AbstractApplicationContext.invokeBeanFactoryPostProcessors(AbstractApplicationContext.java:630)
	at org.springframework.context.support.AbstractApplicationContext.refresh(AbstractApplicationContext.java:461)
	at org.springframework.test.context.support.AbstractGenericContextLoader.loadContext(AbstractGenericContextLoader.java:106)
	at org.springframework.test.context.support.AbstractGenericContextLoader.loadContext(AbstractGenericContextLoader.java:57)
	at org.springframework.test.context.support.AbstractDelegatingSmartContextLoader.delegateLoading(AbstractDelegatingSmartContextLoader.java:100)
	at org.springframework.test.context.support.AbstractDelegatingSmartContextLoader.loadContext(AbstractDelegatingSmartContextLoader.java:248)
	at org.springframework.test.context.TestContext.loadApplicationContext(TestContext.java:124)
	at org.springframework.test.context.TestContext.getApplicationContext(TestContext.java:148)
	at org.springframework.test.context.support.DependencyInjectionTestExecutionListener.injectDependencies(DependencyInjectionTestExecutionListener.java:109)
	at org.springframework.test.context.support.DependencyInjectionTestExecutionListener.prepareTestInstance(DependencyInjectionTestExecutionListener.java:75)
	at org.springframework.test.context.TestContextManager.prepareTestInstance(TestContextManager.java:313)
	at org.springframework.test.context.junit4.SpringJUnit4ClassRunner.createTest(SpringJUnit4ClassRunner.java:211)
	at org.springframework.test.context.junit4.SpringJUnit4ClassRunner$1.runReflectiveCall(SpringJUnit4ClassRunner.java:288)
	at org.junit.internal.runners.model.ReflectiveCallable.run(ReflectiveCallable.java:15)
	at org.springframework.test.context.junit4.SpringJUnit4ClassRunner.methodBlock(SpringJUnit4ClassRunner.java:284)
	at org.springframework.test.context.junit4.SpringJUnit4ClassRunner.runChild(SpringJUnit4ClassRunner.java:231)
	at org.springframework.test.context.junit4.SpringJUnit4ClassRunner.runChild(SpringJUnit4ClassRunner.java:88)
	at org.junit.runners.ParentRunner$3.run(ParentRunner.java:231)
	at org.junit.runners.ParentRunner$1.schedule(ParentRunner.java:60)
	at org.junit.runners.ParentRunner.runChildren(ParentRunner.java:229)
	at org.junit.runners.ParentRunner.access$000(ParentRunner.java:50)
	at org.junit.runners.ParentRunner$2.evaluate(ParentRunner.java:222)
	at org.springframework.test.context.junit4.statements.RunBeforeTestClassCallbacks.evaluate(RunBeforeTestClassCallbacks.java:61)
	at org.springframework.test.context.junit4.statements.RunAfterTestClassCallbacks.evaluate(RunAfterTestClassCallbacks.java:71)
	at org.junit.runners.ParentRunner.run(ParentRunner.java:300)
	at org.springframework.test.context.junit4.SpringJUnit4ClassRunner.run(SpringJUnit4ClassRunner.java:174)
	at org.apache.maven.surefire.junit4.JUnit4Provider.execute(JUnit4Provider.java:264)
	at org.apache.maven.surefire.junit4.JUnit4Provider.executeTestSet(JUnit4Provider.java:153)
	at org.apache.maven.surefire.junit4.JUnit4Provider.invoke(JUnit4Provider.java:124)
	at sun.reflect.NativeMethodAccessorImpl.invoke0(Native Method)
	at sun.reflect.NativeMethodAccessorImpl.invoke(NativeMethodAccessorImpl.java:62)
	at sun.reflect.DelegatingMethodAccessorImpl.invoke(DelegatingMethodAccessorImpl.java:43)
	at java.lang.reflect.Method.invoke(Method.java:498)
	at org.apache.maven.surefire.util.ReflectionUtils.invokeMethodWithArray2(ReflectionUtils.java:208)
	at org.apache.maven.surefire.booter.ProviderFactory$ProviderProxy.invoke(ProviderFactory.java:158)
	at org.apache.maven.surefire.booter.ProviderFactory.invokeProvider(ProviderFactory.java:86)
	at org.apache.maven.surefire.booter.ForkedBooter.runSuitesInProcess(ForkedBooter.java:153)
	at org.apache.maven.surefire.booter.ForkedBooter.main(ForkedBooter.java:95)

createOrder(com.oreilly.springdata.gemfire.order.OrderRepositoryIntegrationTest)  Time elapsed: 0.005 sec  <<< ERROR!
java.lang.IllegalStateException: Failed to load ApplicationContext
	at org.springframework.asm.ClassReader.<init>(Unknown Source)
	at org.springframework.asm.ClassReader.<init>(Unknown Source)
	at org.springframework.asm.ClassReader.<init>(Unknown Source)
	at org.springframework.core.type.classreading.SimpleMetadataReader.<init>(SimpleMetadataReader.java:52)
	at org.springframework.core.type.classreading.SimpleMetadataReaderFactory.getMetadataReader(SimpleMetadataReaderFactory.java:80)
	at org.springframework.core.type.classreading.CachingMetadataReaderFactory.getMetadataReader(CachingMetadataReaderFactory.java:102)
	at org.springframework.core.type.classreading.SimpleMetadataReaderFactory.getMetadataReader(SimpleMetadataReaderFactory.java:76)
	at org.springframework.context.annotation.ConfigurationClassParser.getImports(ConfigurationClassParser.java:298)
	at org.springframework.context.annotation.ConfigurationClassParser.getImports(ConfigurationClassParser.java:300)
	at org.springframework.context.annotation.ConfigurationClassParser.getImports(ConfigurationClassParser.java:300)
	at org.springframework.context.annotation.ConfigurationClassParser.doProcessConfigurationClass(ConfigurationClassParser.java:230)
	at org.springframework.context.annotation.ConfigurationClassParser.processConfigurationClass(ConfigurationClassParser.java:153)
	at org.springframework.context.annotation.ConfigurationClassParser.parse(ConfigurationClassParser.java:139)
	at org.springframework.context.annotation.ConfigurationClassPostProcessor.processConfigBeanDefinitions(ConfigurationClassPostProcessor.java:282)
	at org.springframework.context.annotation.ConfigurationClassPostProcessor.postProcessBeanDefinitionRegistry(ConfigurationClassPostProcessor.java:223)
	at org.springframework.context.support.AbstractApplicationContext.invokeBeanFactoryPostProcessors(AbstractApplicationContext.java:630)
	at org.springframework.context.support.AbstractApplicationContext.refresh(AbstractApplicationContext.java:461)
	at org.springframework.test.context.support.AbstractGenericContextLoader.loadContext(AbstractGenericContextLoader.java:106)
	at org.springframework.test.context.support.AbstractGenericContextLoader.loadContext(AbstractGenericContextLoader.java:57)
	at org.springframework.test.context.support.AbstractDelegatingSmartContextLoader.delegateLoading(AbstractDelegatingSmartContextLoader.java:100)
	at org.springframework.test.context.support.AbstractDelegatingSmartContextLoader.loadContext(AbstractDelegatingSmartContextLoader.java:248)
	at org.springframework.test.context.TestContext.loadApplicationContext(TestContext.java:124)
	at org.springframework.test.context.TestContext.getApplicationContext(TestContext.java:148)
	at org.springframework.test.context.support.DependencyInjectionTestExecutionListener.injectDependencies(DependencyInjectionTestExecutionListener.java:109)
	at org.springframework.test.context.support.DependencyInjectionTestExecutionListener.prepareTestInstance(DependencyInjectionTestExecutionListener.java:75)
	at org.springframework.test.context.TestContextManager.prepareTestInstance(TestContextManager.java:313)
	at org.springframework.test.context.junit4.SpringJUnit4ClassRunner.createTest(SpringJUnit4ClassRunner.java:211)
	at org.springframework.test.context.junit4.SpringJUnit4ClassRunner$1.runReflectiveCall(SpringJUnit4ClassRunner.java:288)
	at org.junit.internal.runners.model.ReflectiveCallable.run(ReflectiveCallable.java:15)
	at org.springframework.test.context.junit4.SpringJUnit4ClassRunner.methodBlock(SpringJUnit4ClassRunner.java:284)
	at org.springframework.test.context.junit4.SpringJUnit4ClassRunner.runChild(SpringJUnit4ClassRunner.java:231)
	at org.springframework.test.context.junit4.SpringJUnit4ClassRunner.runChild(SpringJUnit4ClassRunner.java:88)
	at org.junit.runners.ParentRunner$3.run(ParentRunner.java:231)
	at org.junit.runners.ParentRunner$1.schedule(ParentRunner.java:60)
	at org.junit.runners.ParentRunner.runChildren(ParentRunner.java:229)
	at org.junit.runners.ParentRunner.access$000(ParentRunner.java:50)
	at org.junit.runners.ParentRunner$2.evaluate(ParentRunner.java:222)
	at org.springframework.test.context.junit4.statements.RunBeforeTestClassCallbacks.evaluate(RunBeforeTestClassCallbacks.java:61)
	at org.springframework.test.context.junit4.statements.RunAfterTestClassCallbacks.evaluate(RunAfterTestClassCallbacks.java:71)
	at org.junit.runners.ParentRunner.run(ParentRunner.java:300)
	at org.springframework.test.context.junit4.SpringJUnit4ClassRunner.run(SpringJUnit4ClassRunner.java:174)
	at org.apache.maven.surefire.junit4.JUnit4Provider.execute(JUnit4Provider.java:264)
	at org.apache.maven.surefire.junit4.JUnit4Provider.executeTestSet(JUnit4Provider.java:153)
	at org.apache.maven.surefire.junit4.JUnit4Provider.invoke(JUnit4Provider.java:124)
	at sun.reflect.NativeMethodAccessorImpl.invoke0(Native Method)
	at sun.reflect.NativeMethodAccessorImpl.invoke(NativeMethodAccessorImpl.java:62)
	at sun.reflect.DelegatingMethodAccessorImpl.invoke(DelegatingMethodAccessorImpl.java:43)
	at java.lang.reflect.Method.invoke(Method.java:498)
	at org.apache.maven.surefire.util.ReflectionUtils.invokeMethodWithArray2(ReflectionUtils.java:208)
	at org.apache.maven.surefire.booter.ProviderFactory$ProviderProxy.invoke(ProviderFactory.java:158)
	at org.apache.maven.surefire.booter.ProviderFactory.invokeProvider(ProviderFactory.java:86)
	at org.apache.maven.surefire.booter.ForkedBooter.runSuitesInProcess(ForkedBooter.java:153)
	at org.apache.maven.surefire.booter.ForkedBooter.main(ForkedBooter.java:95)

Running com.oreilly.springdata.gemfire.core.GemfireCustomerRepositoryIntegrationTest
2017-03-03 10:41:42,471  INFO st.context.support.AbstractContextLoader: 216 - Detected default resource location "classpath:/com/oreilly/springdata/gemfire/core/GemfireCustomerRepositoryIntegrationTest-context.xml" for test class [com.oreilly.springdata.gemfire.core.GemfireCustomerRepositoryIntegrationTest].
2017-03-03 10:41:42,474  INFO ort.AbstractDelegatingSmartContextLoader: 168 - GenericXmlContextLoader detected default locations for context configuration [ContextConfigurationAttributes@4566e5bd declaringClass = 'com.oreilly.springdata.gemfire.core.GemfireCustomerRepositoryIntegrationTest', locations = '{classpath:/com/oreilly/springdata/gemfire/core/GemfireCustomerRepositoryIntegrationTest-context.xml}', classes = '{}', inheritLocations = true, initializers = '{}', inheritInitializers = true, contextLoaderClass = 'org.springframework.test.context.ContextLoader'].
2017-03-03 10:41:42,475  INFO pport.AnnotationConfigContextLoaderUtils: 111 - Could not detect default configuration classes for test class [com.oreilly.springdata.gemfire.core.GemfireCustomerRepositoryIntegrationTest]: GemfireCustomerRepositoryIntegrationTest does not declare any static, non-private, non-final, inner classes annotated with @Configuration.
2017-03-03 10:41:42,534  INFO eans.factory.xml.XmlBeanDefinitionReader: 315 - Loading XML bean definitions from class path resource [com/oreilly/springdata/gemfire/core/GemfireCustomerRepositoryIntegrationTest-context.xml]
2017-03-03 10:41:42,782  INFO ontext.support.GenericApplicationContext: 510 - Refreshing org.springframework.context.support.GenericApplicationContext@74650e52: startup date [Fri Mar 03 10:41:42 BRT 2017]; root of context hierarchy
2017-03-03 10:41:42,813 ERROR ramework.test.context.TestContextManager: 315 - Caught exception while allowing TestExecutionListener [org.springframework.test.context.support.DependencyInjectionTestExecutionListener@3ce1e309] to prepare test instance [com.oreilly.springdata.gemfire.core.GemfireCustomerRepositoryIntegrationTest@6aba2b86]
java.lang.IllegalStateException: Failed to load ApplicationContext
	at org.springframework.test.context.TestContext.getApplicationContext(TestContext.java:157) ~[spring-test-3.2.1.RELEASE.jar:3.2.1.RELEASE]
	at org.springframework.test.context.support.DependencyInjectionTestExecutionListener.injectDependencies(DependencyInjectionTestExecutionListener.java:109) ~[spring-test-3.2.1.RELEASE.jar:3.2.1.RELEASE]
	at org.springframework.test.context.support.DependencyInjectionTestExecutionListener.prepareTestInstance(DependencyInjectionTestExecutionListener.java:75) ~[spring-test-3.2.1.RELEASE.jar:3.2.1.RELEASE]
	at org.springframework.test.context.TestContextManager.prepareTestInstance(TestContextManager.java:313) ~[spring-test-3.2.1.RELEASE.jar:3.2.1.RELEASE]
	at org.springframework.test.context.junit4.SpringJUnit4ClassRunner.createTest(SpringJUnit4ClassRunner.java:211) [spring-test-3.2.1.RELEASE.jar:3.2.1.RELEASE]
	at org.springframework.test.context.junit4.SpringJUnit4ClassRunner$1.runReflectiveCall(SpringJUnit4ClassRunner.java:288) [spring-test-3.2.1.RELEASE.jar:3.2.1.RELEASE]
	at org.junit.internal.runners.model.ReflectiveCallable.run(ReflectiveCallable.java:15) [junit-dep-4.10.jar:na]
	at org.springframework.test.context.junit4.SpringJUnit4ClassRunner.methodBlock(SpringJUnit4ClassRunner.java:284) [spring-test-3.2.1.RELEASE.jar:3.2.1.RELEASE]
	at org.springframework.test.context.junit4.SpringJUnit4ClassRunner.runChild(SpringJUnit4ClassRunner.java:231) [spring-test-3.2.1.RELEASE.jar:3.2.1.RELEASE]
	at org.springframework.test.context.junit4.SpringJUnit4ClassRunner.runChild(SpringJUnit4ClassRunner.java:88) [spring-test-3.2.1.RELEASE.jar:3.2.1.RELEASE]
	at org.junit.runners.ParentRunner$3.run(ParentRunner.java:231) [junit-dep-4.10.jar:na]
	at org.junit.runners.ParentRunner$1.schedule(ParentRunner.java:60) [junit-dep-4.10.jar:na]
	at org.junit.runners.ParentRunner.runChildren(ParentRunner.java:229) [junit-dep-4.10.jar:na]
	at org.junit.runners.ParentRunner.access$000(ParentRunner.java:50) [junit-dep-4.10.jar:na]
	at org.junit.runners.ParentRunner$2.evaluate(ParentRunner.java:222) [junit-dep-4.10.jar:na]
	at org.springframework.test.context.junit4.statements.RunBeforeTestClassCallbacks.evaluate(RunBeforeTestClassCallbacks.java:61) [spring-test-3.2.1.RELEASE.jar:3.2.1.RELEASE]
	at org.springframework.test.context.junit4.statements.RunAfterTestClassCallbacks.evaluate(RunAfterTestClassCallbacks.java:71) [spring-test-3.2.1.RELEASE.jar:3.2.1.RELEASE]
	at org.junit.runners.ParentRunner.run(ParentRunner.java:300) [junit-dep-4.10.jar:na]
	at org.springframework.test.context.junit4.SpringJUnit4ClassRunner.run(SpringJUnit4ClassRunner.java:174) [spring-test-3.2.1.RELEASE.jar:3.2.1.RELEASE]
	at org.apache.maven.surefire.junit4.JUnit4Provider.execute(JUnit4Provider.java:264) [surefire-junit4-2.13.jar:2.13]
	at org.apache.maven.surefire.junit4.JUnit4Provider.executeTestSet(JUnit4Provider.java:153) [surefire-junit4-2.13.jar:2.13]
	at org.apache.maven.surefire.junit4.JUnit4Provider.invoke(JUnit4Provider.java:124) [surefire-junit4-2.13.jar:2.13]
	at sun.reflect.NativeMethodAccessorImpl.invoke0(Native Method) ~[na:1.8.0_101]
	at sun.reflect.NativeMethodAccessorImpl.invoke(NativeMethodAccessorImpl.java:62) ~[na:1.8.0_101]
	at sun.reflect.DelegatingMethodAccessorImpl.invoke(DelegatingMethodAccessorImpl.java:43) ~[na:1.8.0_101]
	at java.lang.reflect.Method.invoke(Method.java:498) ~[na:1.8.0_101]
	at org.apache.maven.surefire.util.ReflectionUtils.invokeMethodWithArray2(ReflectionUtils.java:208) [surefire-api-2.13.jar:2.13]
	at org.apache.maven.surefire.booter.ProviderFactory$ProviderProxy.invoke(ProviderFactory.java:158) [surefire-booter-2.13.jar:2.13]
	at org.apache.maven.surefire.booter.ProviderFactory.invokeProvider(ProviderFactory.java:86) [surefire-booter-2.13.jar:2.13]
	at org.apache.maven.surefire.booter.ForkedBooter.runSuitesInProcess(ForkedBooter.java:153) [surefire-booter-2.13.jar:2.13]
	at org.apache.maven.surefire.booter.ForkedBooter.main(ForkedBooter.java:95) [surefire-booter-2.13.jar:2.13]
Caused by: java.lang.IllegalArgumentException: null
	at org.springframework.asm.ClassReader.<init>(Unknown Source) ~[spring-core-3.2.1.RELEASE.jar:3.2.1.RELEASE]
	at org.springframework.asm.ClassReader.<init>(Unknown Source) ~[spring-core-3.2.1.RELEASE.jar:3.2.1.RELEASE]
	at org.springframework.asm.ClassReader.<init>(Unknown Source) ~[spring-core-3.2.1.RELEASE.jar:3.2.1.RELEASE]
	at org.springframework.core.type.classreading.SimpleMetadataReader.<init>(SimpleMetadataReader.java:52) ~[spring-core-3.2.1.RELEASE.jar:3.2.1.RELEASE]
	at org.springframework.core.type.classreading.SimpleMetadataReaderFactory.getMetadataReader(SimpleMetadataReaderFactory.java:80) ~[spring-core-3.2.1.RELEASE.jar:3.2.1.RELEASE]
	at org.springframework.core.type.classreading.CachingMetadataReaderFactory.getMetadataReader(CachingMetadataReaderFactory.java:102) ~[spring-core-3.2.1.RELEASE.jar:3.2.1.RELEASE]
	at org.springframework.core.type.classreading.SimpleMetadataReaderFactory.getMetadataReader(SimpleMetadataReaderFactory.java:76) ~[spring-core-3.2.1.RELEASE.jar:3.2.1.RELEASE]
	at org.springframework.context.annotation.ConfigurationClassParser.getImports(ConfigurationClassParser.java:298) ~[spring-context-3.2.1.RELEASE.jar:3.2.1.RELEASE]
	at org.springframework.context.annotation.ConfigurationClassParser.getImports(ConfigurationClassParser.java:300) ~[spring-context-3.2.1.RELEASE.jar:3.2.1.RELEASE]
	at org.springframework.context.annotation.ConfigurationClassParser.getImports(ConfigurationClassParser.java:300) ~[spring-context-3.2.1.RELEASE.jar:3.2.1.RELEASE]
	at org.springframework.context.annotation.ConfigurationClassParser.doProcessConfigurationClass(ConfigurationClassParser.java:230) ~[spring-context-3.2.1.RELEASE.jar:3.2.1.RELEASE]
	at org.springframework.context.annotation.ConfigurationClassParser.processConfigurationClass(ConfigurationClassParser.java:153) ~[spring-context-3.2.1.RELEASE.jar:3.2.1.RELEASE]
	at org.springframework.context.annotation.ConfigurationClassParser.parse(ConfigurationClassParser.java:130) ~[spring-context-3.2.1.RELEASE.jar:3.2.1.RELEASE]
	at org.springframework.context.annotation.ConfigurationClassPostProcessor.processConfigBeanDefinitions(ConfigurationClassPostProcessor.java:285) ~[spring-context-3.2.1.RELEASE.jar:3.2.1.RELEASE]
	at org.springframework.context.annotation.ConfigurationClassPostProcessor.postProcessBeanDefinitionRegistry(ConfigurationClassPostProcessor.java:223) ~[spring-context-3.2.1.RELEASE.jar:3.2.1.RELEASE]
	at org.springframework.context.support.AbstractApplicationContext.invokeBeanFactoryPostProcessors(AbstractApplicationContext.java:630) ~[spring-context-3.2.1.RELEASE.jar:3.2.1.RELEASE]
	at org.springframework.context.support.AbstractApplicationContext.refresh(AbstractApplicationContext.java:461) ~[spring-context-3.2.1.RELEASE.jar:3.2.1.RELEASE]
	at org.springframework.test.context.support.AbstractGenericContextLoader.loadContext(AbstractGenericContextLoader.java:106) ~[spring-test-3.2.1.RELEASE.jar:3.2.1.RELEASE]
	at org.springframework.test.context.support.AbstractGenericContextLoader.loadContext(AbstractGenericContextLoader.java:57) ~[spring-test-3.2.1.RELEASE.jar:3.2.1.RELEASE]
	at org.springframework.test.context.support.AbstractDelegatingSmartContextLoader.delegateLoading(AbstractDelegatingSmartContextLoader.java:100) ~[spring-test-3.2.1.RELEASE.jar:3.2.1.RELEASE]
	at org.springframework.test.context.support.AbstractDelegatingSmartContextLoader.loadContext(AbstractDelegatingSmartContextLoader.java:248) ~[spring-test-3.2.1.RELEASE.jar:3.2.1.RELEASE]
	at org.springframework.test.context.TestContext.loadApplicationContext(TestContext.java:124) ~[spring-test-3.2.1.RELEASE.jar:3.2.1.RELEASE]
	at org.springframework.test.context.TestContext.getApplicationContext(TestContext.java:148) ~[spring-test-3.2.1.RELEASE.jar:3.2.1.RELEASE]
	... 30 common frames omitted
Tests run: 1, Failures: 0, Errors: 1, Skipped: 0, Time elapsed: 0.535 sec <<< FAILURE!
basicRepositoryOperations(com.oreilly.springdata.gemfire.core.GemfireCustomerRepositoryIntegrationTest)  Time elapsed: 0.331 sec  <<< ERROR!
java.lang.IllegalStateException: Failed to load ApplicationContext
	at org.springframework.asm.ClassReader.<init>(Unknown Source)
	at org.springframework.asm.ClassReader.<init>(Unknown Source)
	at org.springframework.asm.ClassReader.<init>(Unknown Source)
	at org.springframework.core.type.classreading.SimpleMetadataReader.<init>(SimpleMetadataReader.java:52)
	at org.springframework.core.type.classreading.SimpleMetadataReaderFactory.getMetadataReader(SimpleMetadataReaderFactory.java:80)
	at org.springframework.core.type.classreading.CachingMetadataReaderFactory.getMetadataReader(CachingMetadataReaderFactory.java:102)
	at org.springframework.core.type.classreading.SimpleMetadataReaderFactory.getMetadataReader(SimpleMetadataReaderFactory.java:76)
	at org.springframework.context.annotation.ConfigurationClassParser.getImports(ConfigurationClassParser.java:298)
	at org.springframework.context.annotation.ConfigurationClassParser.getImports(ConfigurationClassParser.java:300)
	at org.springframework.context.annotation.ConfigurationClassParser.getImports(ConfigurationClassParser.java:300)
	at org.springframework.context.annotation.ConfigurationClassParser.doProcessConfigurationClass(ConfigurationClassParser.java:230)
	at org.springframework.context.annotation.ConfigurationClassParser.processConfigurationClass(ConfigurationClassParser.java:153)
	at org.springframework.context.annotation.ConfigurationClassParser.parse(ConfigurationClassParser.java:130)
	at org.springframework.context.annotation.ConfigurationClassPostProcessor.processConfigBeanDefinitions(ConfigurationClassPostProcessor.java:285)
	at org.springframework.context.annotation.ConfigurationClassPostProcessor.postProcessBeanDefinitionRegistry(ConfigurationClassPostProcessor.java:223)
	at org.springframework.context.support.AbstractApplicationContext.invokeBeanFactoryPostProcessors(AbstractApplicationContext.java:630)
	at org.springframework.context.support.AbstractApplicationContext.refresh(AbstractApplicationContext.java:461)
	at org.springframework.test.context.support.AbstractGenericContextLoader.loadContext(AbstractGenericContextLoader.java:106)
	at org.springframework.test.context.support.AbstractGenericContextLoader.loadContext(AbstractGenericContextLoader.java:57)
	at org.springframework.test.context.support.AbstractDelegatingSmartContextLoader.delegateLoading(AbstractDelegatingSmartContextLoader.java:100)
	at org.springframework.test.context.support.AbstractDelegatingSmartContextLoader.loadContext(AbstractDelegatingSmartContextLoader.java:248)
	at org.springframework.test.context.TestContext.loadApplicationContext(TestContext.java:124)
	at org.springframework.test.context.TestContext.getApplicationContext(TestContext.java:148)
	at org.springframework.test.context.support.DependencyInjectionTestExecutionListener.injectDependencies(DependencyInjectionTestExecutionListener.java:109)
	at org.springframework.test.context.support.DependencyInjectionTestExecutionListener.prepareTestInstance(DependencyInjectionTestExecutionListener.java:75)
	at org.springframework.test.context.TestContextManager.prepareTestInstance(TestContextManager.java:313)
	at org.springframework.test.context.junit4.SpringJUnit4ClassRunner.createTest(SpringJUnit4ClassRunner.java:211)
	at org.springframework.test.context.junit4.SpringJUnit4ClassRunner$1.runReflectiveCall(SpringJUnit4ClassRunner.java:288)
	at org.junit.internal.runners.model.ReflectiveCallable.run(ReflectiveCallable.java:15)
	at org.springframework.test.context.junit4.SpringJUnit4ClassRunner.methodBlock(SpringJUnit4ClassRunner.java:284)
	at org.springframework.test.context.junit4.SpringJUnit4ClassRunner.runChild(SpringJUnit4ClassRunner.java:231)
	at org.springframework.test.context.junit4.SpringJUnit4ClassRunner.runChild(SpringJUnit4ClassRunner.java:88)
	at org.junit.runners.ParentRunner$3.run(ParentRunner.java:231)
	at org.junit.runners.ParentRunner$1.schedule(ParentRunner.java:60)
	at org.junit.runners.ParentRunner.runChildren(ParentRunner.java:229)
	at org.junit.runners.ParentRunner.access$000(ParentRunner.java:50)
	at org.junit.runners.ParentRunner$2.evaluate(ParentRunner.java:222)
	at org.springframework.test.context.junit4.statements.RunBeforeTestClassCallbacks.evaluate(RunBeforeTestClassCallbacks.java:61)
	at org.springframework.test.context.junit4.statements.RunAfterTestClassCallbacks.evaluate(RunAfterTestClassCallbacks.java:71)
	at org.junit.runners.ParentRunner.run(ParentRunner.java:300)
	at org.springframework.test.context.junit4.SpringJUnit4ClassRunner.run(SpringJUnit4ClassRunner.java:174)
	at org.apache.maven.surefire.junit4.JUnit4Provider.execute(JUnit4Provider.java:264)
	at org.apache.maven.surefire.junit4.JUnit4Provider.executeTestSet(JUnit4Provider.java:153)
	at org.apache.maven.surefire.junit4.JUnit4Provider.invoke(JUnit4Provider.java:124)
	at sun.reflect.NativeMethodAccessorImpl.invoke0(Native Method)
	at sun.reflect.NativeMethodAccessorImpl.invoke(NativeMethodAccessorImpl.java:62)
	at sun.reflect.DelegatingMethodAccessorImpl.invoke(DelegatingMethodAccessorImpl.java:43)
	at java.lang.reflect.Method.invoke(Method.java:498)
	at org.apache.maven.surefire.util.ReflectionUtils.invokeMethodWithArray2(ReflectionUtils.java:208)
	at org.apache.maven.surefire.booter.ProviderFactory$ProviderProxy.invoke(ProviderFactory.java:158)
	at org.apache.maven.surefire.booter.ProviderFactory.invokeProvider(ProviderFactory.java:86)
	at org.apache.maven.surefire.booter.ForkedBooter.runSuitesInProcess(ForkedBooter.java:153)
	at org.apache.maven.surefire.booter.ForkedBooter.main(ForkedBooter.java:95)

Running com.oreilly.springdata.gemfire.core.ProductRepositoryIntegrationTest
2017-03-03 10:41:43,202  INFO ontext.support.GenericApplicationContext: 510 - Refreshing org.springframework.context.support.GenericApplicationContext@711f39f9: startup date [Fri Mar 03 10:41:43 BRT 2017]; root of context hierarchy
2017-03-03 10:41:43,249 ERROR ramework.test.context.TestContextManager: 315 - Caught exception while allowing TestExecutionListener [org.springframework.test.context.support.DependencyInjectionTestExecutionListener@1df82230] to prepare test instance [com.oreilly.springdata.gemfire.core.ProductRepositoryIntegrationTest@22635ba0]
java.lang.IllegalStateException: Failed to load ApplicationContext
	at org.springframework.test.context.TestContext.getApplicationContext(TestContext.java:157) ~[spring-test-3.2.1.RELEASE.jar:3.2.1.RELEASE]
	at org.springframework.test.context.support.DependencyInjectionTestExecutionListener.injectDependencies(DependencyInjectionTestExecutionListener.java:109) ~[spring-test-3.2.1.RELEASE.jar:3.2.1.RELEASE]
	at org.springframework.test.context.support.DependencyInjectionTestExecutionListener.prepareTestInstance(DependencyInjectionTestExecutionListener.java:75) ~[spring-test-3.2.1.RELEASE.jar:3.2.1.RELEASE]
	at org.springframework.test.context.TestContextManager.prepareTestInstance(TestContextManager.java:313) ~[spring-test-3.2.1.RELEASE.jar:3.2.1.RELEASE]
	at org.springframework.test.context.junit4.SpringJUnit4ClassRunner.createTest(SpringJUnit4ClassRunner.java:211) [spring-test-3.2.1.RELEASE.jar:3.2.1.RELEASE]
	at org.springframework.test.context.junit4.SpringJUnit4ClassRunner$1.runReflectiveCall(SpringJUnit4ClassRunner.java:288) [spring-test-3.2.1.RELEASE.jar:3.2.1.RELEASE]
	at org.junit.internal.runners.model.ReflectiveCallable.run(ReflectiveCallable.java:15) [junit-dep-4.10.jar:na]
	at org.springframework.test.context.junit4.SpringJUnit4ClassRunner.methodBlock(SpringJUnit4ClassRunner.java:284) [spring-test-3.2.1.RELEASE.jar:3.2.1.RELEASE]
	at org.springframework.test.context.junit4.SpringJUnit4ClassRunner.runChild(SpringJUnit4ClassRunner.java:231) [spring-test-3.2.1.RELEASE.jar:3.2.1.RELEASE]
	at org.springframework.test.context.junit4.SpringJUnit4ClassRunner.runChild(SpringJUnit4ClassRunner.java:88) [spring-test-3.2.1.RELEASE.jar:3.2.1.RELEASE]
	at org.junit.runners.ParentRunner$3.run(ParentRunner.java:231) [junit-dep-4.10.jar:na]
	at org.junit.runners.ParentRunner$1.schedule(ParentRunner.java:60) [junit-dep-4.10.jar:na]
	at org.junit.runners.ParentRunner.runChildren(ParentRunner.java:229) [junit-dep-4.10.jar:na]
	at org.junit.runners.ParentRunner.access$000(ParentRunner.java:50) [junit-dep-4.10.jar:na]
	at org.junit.runners.ParentRunner$2.evaluate(ParentRunner.java:222) [junit-dep-4.10.jar:na]
	at org.springframework.test.context.junit4.statements.RunBeforeTestClassCallbacks.evaluate(RunBeforeTestClassCallbacks.java:61) [spring-test-3.2.1.RELEASE.jar:3.2.1.RELEASE]
	at org.springframework.test.context.junit4.statements.RunAfterTestClassCallbacks.evaluate(RunAfterTestClassCallbacks.java:71) [spring-test-3.2.1.RELEASE.jar:3.2.1.RELEASE]
	at org.junit.runners.ParentRunner.run(ParentRunner.java:300) [junit-dep-4.10.jar:na]
	at org.springframework.test.context.junit4.SpringJUnit4ClassRunner.run(SpringJUnit4ClassRunner.java:174) [spring-test-3.2.1.RELEASE.jar:3.2.1.RELEASE]
	at org.apache.maven.surefire.junit4.JUnit4Provider.execute(JUnit4Provider.java:264) [surefire-junit4-2.13.jar:2.13]
	at org.apache.maven.surefire.junit4.JUnit4Provider.executeTestSet(JUnit4Provider.java:153) [surefire-junit4-2.13.jar:2.13]
	at org.apache.maven.surefire.junit4.JUnit4Provider.invoke(JUnit4Provider.java:124) [surefire-junit4-2.13.jar:2.13]
	at sun.reflect.NativeMethodAccessorImpl.invoke0(Native Method) ~[na:1.8.0_101]
	at sun.reflect.NativeMethodAccessorImpl.invoke(NativeMethodAccessorImpl.java:62) ~[na:1.8.0_101]
	at sun.reflect.DelegatingMethodAccessorImpl.invoke(DelegatingMethodAccessorImpl.java:43) ~[na:1.8.0_101]
	at java.lang.reflect.Method.invoke(Method.java:498) ~[na:1.8.0_101]
	at org.apache.maven.surefire.util.ReflectionUtils.invokeMethodWithArray2(ReflectionUtils.java:208) [surefire-api-2.13.jar:2.13]
	at org.apache.maven.surefire.booter.ProviderFactory$ProviderProxy.invoke(ProviderFactory.java:158) [surefire-booter-2.13.jar:2.13]
	at org.apache.maven.surefire.booter.ProviderFactory.invokeProvider(ProviderFactory.java:86) [surefire-booter-2.13.jar:2.13]
	at org.apache.maven.surefire.booter.ForkedBooter.runSuitesInProcess(ForkedBooter.java:153) [surefire-booter-2.13.jar:2.13]
	at org.apache.maven.surefire.booter.ForkedBooter.main(ForkedBooter.java:95) [surefire-booter-2.13.jar:2.13]
Caused by: java.lang.IllegalArgumentException: null
	at org.springframework.asm.ClassReader.<init>(Unknown Source) ~[spring-core-3.2.1.RELEASE.jar:3.2.1.RELEASE]
	at org.springframework.asm.ClassReader.<init>(Unknown Source) ~[spring-core-3.2.1.RELEASE.jar:3.2.1.RELEASE]
	at org.springframework.asm.ClassReader.<init>(Unknown Source) ~[spring-core-3.2.1.RELEASE.jar:3.2.1.RELEASE]
	at org.springframework.core.type.classreading.SimpleMetadataReader.<init>(SimpleMetadataReader.java:52) ~[spring-core-3.2.1.RELEASE.jar:3.2.1.RELEASE]
	at org.springframework.core.type.classreading.SimpleMetadataReaderFactory.getMetadataReader(SimpleMetadataReaderFactory.java:80) ~[spring-core-3.2.1.RELEASE.jar:3.2.1.RELEASE]
	at org.springframework.core.type.classreading.CachingMetadataReaderFactory.getMetadataReader(CachingMetadataReaderFactory.java:102) ~[spring-core-3.2.1.RELEASE.jar:3.2.1.RELEASE]
	at org.springframework.core.type.classreading.SimpleMetadataReaderFactory.getMetadataReader(SimpleMetadataReaderFactory.java:76) ~[spring-core-3.2.1.RELEASE.jar:3.2.1.RELEASE]
	at org.springframework.context.annotation.ConfigurationClassParser.getImports(ConfigurationClassParser.java:298) ~[spring-context-3.2.1.RELEASE.jar:3.2.1.RELEASE]
	at org.springframework.context.annotation.ConfigurationClassParser.getImports(ConfigurationClassParser.java:300) ~[spring-context-3.2.1.RELEASE.jar:3.2.1.RELEASE]
	at org.springframework.context.annotation.ConfigurationClassParser.getImports(ConfigurationClassParser.java:300) ~[spring-context-3.2.1.RELEASE.jar:3.2.1.RELEASE]
	at org.springframework.context.annotation.ConfigurationClassParser.doProcessConfigurationClass(ConfigurationClassParser.java:230) ~[spring-context-3.2.1.RELEASE.jar:3.2.1.RELEASE]
	at org.springframework.context.annotation.ConfigurationClassParser.processConfigurationClass(ConfigurationClassParser.java:153) ~[spring-context-3.2.1.RELEASE.jar:3.2.1.RELEASE]
	at org.springframework.context.annotation.ConfigurationClassParser.parse(ConfigurationClassParser.java:139) ~[spring-context-3.2.1.RELEASE.jar:3.2.1.RELEASE]
	at org.springframework.context.annotation.ConfigurationClassPostProcessor.processConfigBeanDefinitions(ConfigurationClassPostProcessor.java:282) ~[spring-context-3.2.1.RELEASE.jar:3.2.1.RELEASE]
	at org.springframework.context.annotation.ConfigurationClassPostProcessor.postProcessBeanDefinitionRegistry(ConfigurationClassPostProcessor.java:223) ~[spring-context-3.2.1.RELEASE.jar:3.2.1.RELEASE]
	at org.springframework.context.support.AbstractApplicationContext.invokeBeanFactoryPostProcessors(AbstractApplicationContext.java:630) ~[spring-context-3.2.1.RELEASE.jar:3.2.1.RELEASE]
	at org.springframework.context.support.AbstractApplicationContext.refresh(AbstractApplicationContext.java:461) ~[spring-context-3.2.1.RELEASE.jar:3.2.1.RELEASE]
	at org.springframework.test.context.support.AbstractGenericContextLoader.loadContext(AbstractGenericContextLoader.java:106) ~[spring-test-3.2.1.RELEASE.jar:3.2.1.RELEASE]
	at org.springframework.test.context.support.AbstractGenericContextLoader.loadContext(AbstractGenericContextLoader.java:57) ~[spring-test-3.2.1.RELEASE.jar:3.2.1.RELEASE]
	at org.springframework.test.context.support.AbstractDelegatingSmartContextLoader.delegateLoading(AbstractDelegatingSmartContextLoader.java:100) ~[spring-test-3.2.1.RELEASE.jar:3.2.1.RELEASE]
	at org.springframework.test.context.support.AbstractDelegatingSmartContextLoader.loadContext(AbstractDelegatingSmartContextLoader.java:248) ~[spring-test-3.2.1.RELEASE.jar:3.2.1.RELEASE]
	at org.springframework.test.context.TestContext.loadApplicationContext(TestContext.java:124) ~[spring-test-3.2.1.RELEASE.jar:3.2.1.RELEASE]
	at org.springframework.test.context.TestContext.getApplicationContext(TestContext.java:148) ~[spring-test-3.2.1.RELEASE.jar:3.2.1.RELEASE]
	... 30 common frames omitted
2017-03-03 10:41:43,255  INFO ontext.support.GenericApplicationContext: 510 - Refreshing org.springframework.context.support.GenericApplicationContext@5db250b4: startup date [Fri Mar 03 10:41:43 BRT 2017]; root of context hierarchy
2017-03-03 10:41:43,258 ERROR ramework.test.context.TestContextManager: 315 - Caught exception while allowing TestExecutionListener [org.springframework.test.context.support.DependencyInjectionTestExecutionListener@1df82230] to prepare test instance [com.oreilly.springdata.gemfire.core.ProductRepositoryIntegrationTest@ec756bd]
java.lang.IllegalStateException: Failed to load ApplicationContext
	at org.springframework.test.context.TestContext.getApplicationContext(TestContext.java:157) ~[spring-test-3.2.1.RELEASE.jar:3.2.1.RELEASE]
	at org.springframework.test.context.support.DependencyInjectionTestExecutionListener.injectDependencies(DependencyInjectionTestExecutionListener.java:109) ~[spring-test-3.2.1.RELEASE.jar:3.2.1.RELEASE]
	at org.springframework.test.context.support.DependencyInjectionTestExecutionListener.prepareTestInstance(DependencyInjectionTestExecutionListener.java:75) ~[spring-test-3.2.1.RELEASE.jar:3.2.1.RELEASE]
	at org.springframework.test.context.TestContextManager.prepareTestInstance(TestContextManager.java:313) ~[spring-test-3.2.1.RELEASE.jar:3.2.1.RELEASE]
	at org.springframework.test.context.junit4.SpringJUnit4ClassRunner.createTest(SpringJUnit4ClassRunner.java:211) [spring-test-3.2.1.RELEASE.jar:3.2.1.RELEASE]
	at org.springframework.test.context.junit4.SpringJUnit4ClassRunner$1.runReflectiveCall(SpringJUnit4ClassRunner.java:288) [spring-test-3.2.1.RELEASE.jar:3.2.1.RELEASE]
	at org.junit.internal.runners.model.ReflectiveCallable.run(ReflectiveCallable.java:15) [junit-dep-4.10.jar:na]
	at org.springframework.test.context.junit4.SpringJUnit4ClassRunner.methodBlock(SpringJUnit4ClassRunner.java:284) [spring-test-3.2.1.RELEASE.jar:3.2.1.RELEASE]
	at org.springframework.test.context.junit4.SpringJUnit4ClassRunner.runChild(SpringJUnit4ClassRunner.java:231) [spring-test-3.2.1.RELEASE.jar:3.2.1.RELEASE]
	at org.springframework.test.context.junit4.SpringJUnit4ClassRunner.runChild(SpringJUnit4ClassRunner.java:88) [spring-test-3.2.1.RELEASE.jar:3.2.1.RELEASE]
	at org.junit.runners.ParentRunner$3.run(ParentRunner.java:231) [junit-dep-4.10.jar:na]
	at org.junit.runners.ParentRunner$1.schedule(ParentRunner.java:60) [junit-dep-4.10.jar:na]
	at org.junit.runners.ParentRunner.runChildren(ParentRunner.java:229) [junit-dep-4.10.jar:na]
	at org.junit.runners.ParentRunner.access$000(ParentRunner.java:50) [junit-dep-4.10.jar:na]
	at org.junit.runners.ParentRunner$2.evaluate(ParentRunner.java:222) [junit-dep-4.10.jar:na]
	at org.springframework.test.context.junit4.statements.RunBeforeTestClassCallbacks.evaluate(RunBeforeTestClassCallbacks.java:61) [spring-test-3.2.1.RELEASE.jar:3.2.1.RELEASE]
	at org.springframework.test.context.junit4.statements.RunAfterTestClassCallbacks.evaluate(RunAfterTestClassCallbacks.java:71) [spring-test-3.2.1.RELEASE.jar:3.2.1.RELEASE]
	at org.junit.runners.ParentRunner.run(ParentRunner.java:300) [junit-dep-4.10.jar:na]
	at org.springframework.test.context.junit4.SpringJUnit4ClassRunner.run(SpringJUnit4ClassRunner.java:174) [spring-test-3.2.1.RELEASE.jar:3.2.1.RELEASE]
	at org.apache.maven.surefire.junit4.JUnit4Provider.execute(JUnit4Provider.java:264) [surefire-junit4-2.13.jar:2.13]
	at org.apache.maven.surefire.junit4.JUnit4Provider.executeTestSet(JUnit4Provider.java:153) [surefire-junit4-2.13.jar:2.13]
	at org.apache.maven.surefire.junit4.JUnit4Provider.invoke(JUnit4Provider.java:124) [surefire-junit4-2.13.jar:2.13]
	at sun.reflect.NativeMethodAccessorImpl.invoke0(Native Method) ~[na:1.8.0_101]
	at sun.reflect.NativeMethodAccessorImpl.invoke(NativeMethodAccessorImpl.java:62) ~[na:1.8.0_101]
	at sun.reflect.DelegatingMethodAccessorImpl.invoke(DelegatingMethodAccessorImpl.java:43) ~[na:1.8.0_101]
	at java.lang.reflect.Method.invoke(Method.java:498) ~[na:1.8.0_101]
	at org.apache.maven.surefire.util.ReflectionUtils.invokeMethodWithArray2(ReflectionUtils.java:208) [surefire-api-2.13.jar:2.13]
	at org.apache.maven.surefire.booter.ProviderFactory$ProviderProxy.invoke(ProviderFactory.java:158) [surefire-booter-2.13.jar:2.13]
	at org.apache.maven.surefire.booter.ProviderFactory.invokeProvider(ProviderFactory.java:86) [surefire-booter-2.13.jar:2.13]
	at org.apache.maven.surefire.booter.ForkedBooter.runSuitesInProcess(ForkedBooter.java:153) [surefire-booter-2.13.jar:2.13]
	at org.apache.maven.surefire.booter.ForkedBooter.main(ForkedBooter.java:95) [surefire-booter-2.13.jar:2.13]
Caused by: java.lang.IllegalArgumentException: null
	at org.springframework.asm.ClassReader.<init>(Unknown Source) ~[spring-core-3.2.1.RELEASE.jar:3.2.1.RELEASE]
	at org.springframework.asm.ClassReader.<init>(Unknown Source) ~[spring-core-3.2.1.RELEASE.jar:3.2.1.RELEASE]
	at org.springframework.asm.ClassReader.<init>(Unknown Source) ~[spring-core-3.2.1.RELEASE.jar:3.2.1.RELEASE]
	at org.springframework.core.type.classreading.SimpleMetadataReader.<init>(SimpleMetadataReader.java:52) ~[spring-core-3.2.1.RELEASE.jar:3.2.1.RELEASE]
	at org.springframework.core.type.classreading.SimpleMetadataReaderFactory.getMetadataReader(SimpleMetadataReaderFactory.java:80) ~[spring-core-3.2.1.RELEASE.jar:3.2.1.RELEASE]
	at org.springframework.core.type.classreading.CachingMetadataReaderFactory.getMetadataReader(CachingMetadataReaderFactory.java:102) ~[spring-core-3.2.1.RELEASE.jar:3.2.1.RELEASE]
	at org.springframework.core.type.classreading.SimpleMetadataReaderFactory.getMetadataReader(SimpleMetadataReaderFactory.java:76) ~[spring-core-3.2.1.RELEASE.jar:3.2.1.RELEASE]
	at org.springframework.context.annotation.ConfigurationClassParser.getImports(ConfigurationClassParser.java:298) ~[spring-context-3.2.1.RELEASE.jar:3.2.1.RELEASE]
	at org.springframework.context.annotation.ConfigurationClassParser.getImports(ConfigurationClassParser.java:300) ~[spring-context-3.2.1.RELEASE.jar:3.2.1.RELEASE]
	at org.springframework.context.annotation.ConfigurationClassParser.getImports(ConfigurationClassParser.java:300) ~[spring-context-3.2.1.RELEASE.jar:3.2.1.RELEASE]
	at org.springframework.context.annotation.ConfigurationClassParser.doProcessConfigurationClass(ConfigurationClassParser.java:230) ~[spring-context-3.2.1.RELEASE.jar:3.2.1.RELEASE]
	at org.springframework.context.annotation.ConfigurationClassParser.processConfigurationClass(ConfigurationClassParser.java:153) ~[spring-context-3.2.1.RELEASE.jar:3.2.1.RELEASE]
	at org.springframework.context.annotation.ConfigurationClassParser.parse(ConfigurationClassParser.java:139) ~[spring-context-3.2.1.RELEASE.jar:3.2.1.RELEASE]
	at org.springframework.context.annotation.ConfigurationClassPostProcessor.processConfigBeanDefinitions(ConfigurationClassPostProcessor.java:282) ~[spring-context-3.2.1.RELEASE.jar:3.2.1.RELEASE]
	at org.springframework.context.annotation.ConfigurationClassPostProcessor.postProcessBeanDefinitionRegistry(ConfigurationClassPostProcessor.java:223) ~[spring-context-3.2.1.RELEASE.jar:3.2.1.RELEASE]
	at org.springframework.context.support.AbstractApplicationContext.invokeBeanFactoryPostProcessors(AbstractApplicationContext.java:630) ~[spring-context-3.2.1.RELEASE.jar:3.2.1.RELEASE]
	at org.springframework.context.support.AbstractApplicationContext.refresh(AbstractApplicationContext.java:461) ~[spring-context-3.2.1.RELEASE.jar:3.2.1.RELEASE]
	at org.springframework.test.context.support.AbstractGenericContextLoader.loadContext(AbstractGenericContextLoader.java:106) ~[spring-test-3.2.1.RELEASE.jar:3.2.1.RELEASE]
	at org.springframework.test.context.support.AbstractGenericContextLoader.loadContext(AbstractGenericContextLoader.java:57) ~[spring-test-3.2.1.RELEASE.jar:3.2.1.RELEASE]
	at org.springframework.test.context.support.AbstractDelegatingSmartContextLoader.delegateLoading(AbstractDelegatingSmartContextLoader.java:100) ~[spring-test-3.2.1.RELEASE.jar:3.2.1.RELEASE]
	at org.springframework.test.context.support.AbstractDelegatingSmartContextLoader.loadContext(AbstractDelegatingSmartContextLoader.java:248) ~[spring-test-3.2.1.RELEASE.jar:3.2.1.RELEASE]
	at org.springframework.test.context.TestContext.loadApplicationContext(TestContext.java:124) ~[spring-test-3.2.1.RELEASE.jar:3.2.1.RELEASE]
	at org.springframework.test.context.TestContext.getApplicationContext(TestContext.java:148) ~[spring-test-3.2.1.RELEASE.jar:3.2.1.RELEASE]
	... 30 common frames omitted
2017-03-03 10:41:43,261  INFO ontext.support.GenericApplicationContext: 510 - Refreshing org.springframework.context.support.GenericApplicationContext@3c72f59f: startup date [Fri Mar 03 10:41:43 BRT 2017]; root of context hierarchy
2017-03-03 10:41:43,264 ERROR ramework.test.context.TestContextManager: 315 - Caught exception while allowing TestExecutionListener [org.springframework.test.context.support.DependencyInjectionTestExecutionListener@1df82230] to prepare test instance [com.oreilly.springdata.gemfire.core.ProductRepositoryIntegrationTest@3901d134]
java.lang.IllegalStateException: Failed to load ApplicationContext
	at org.springframework.test.context.TestContext.getApplicationContext(TestContext.java:157) ~[spring-test-3.2.1.RELEASE.jar:3.2.1.RELEASE]
	at org.springframework.test.context.support.DependencyInjectionTestExecutionListener.injectDependencies(DependencyInjectionTestExecutionListener.java:109) ~[spring-test-3.2.1.RELEASE.jar:3.2.1.RELEASE]
	at org.springframework.test.context.support.DependencyInjectionTestExecutionListener.prepareTestInstance(DependencyInjectionTestExecutionListener.java:75) ~[spring-test-3.2.1.RELEASE.jar:3.2.1.RELEASE]
	at org.springframework.test.context.TestContextManager.prepareTestInstance(TestContextManager.java:313) ~[spring-test-3.2.1.RELEASE.jar:3.2.1.RELEASE]
	at org.springframework.test.context.junit4.SpringJUnit4ClassRunner.createTest(SpringJUnit4ClassRunner.java:211) [spring-test-3.2.1.RELEASE.jar:3.2.1.RELEASE]
	at org.springframework.test.context.junit4.SpringJUnit4ClassRunner$1.runReflectiveCall(SpringJUnit4ClassRunner.java:288) [spring-test-3.2.1.RELEASE.jar:3.2.1.RELEASE]
	at org.junit.internal.runners.model.ReflectiveCallable.run(ReflectiveCallable.java:15) [junit-dep-4.10.jar:na]
	at org.springframework.test.context.junit4.SpringJUnit4ClassRunner.methodBlock(SpringJUnit4ClassRunner.java:284) [spring-test-3.2.1.RELEASE.jar:3.2.1.RELEASE]
	at org.springframework.test.context.junit4.SpringJUnit4ClassRunner.runChild(SpringJUnit4ClassRunner.java:231) [spring-test-3.2.1.RELEASE.jar:3.2.1.RELEASE]
	at org.springframework.test.context.junit4.SpringJUnit4ClassRunner.runChild(SpringJUnit4ClassRunner.java:88) [spring-test-3.2.1.RELEASE.jar:3.2.1.RELEASE]
	at org.junit.runners.ParentRunner$3.run(ParentRunner.java:231) [junit-dep-4.10.jar:na]
	at org.junit.runners.ParentRunner$1.schedule(ParentRunner.java:60) [junit-dep-4.10.jar:na]
	at org.junit.runners.ParentRunner.runChildren(ParentRunner.java:229) [junit-dep-4.10.jar:na]
	at org.junit.runners.ParentRunner.access$000(ParentRunner.java:50) [junit-dep-4.10.jar:na]
	at org.junit.runners.ParentRunner$2.evaluate(ParentRunner.java:222) [junit-dep-4.10.jar:na]
	at org.springframework.test.context.junit4.statements.RunBeforeTestClassCallbacks.evaluate(RunBeforeTestClassCallbacks.java:61) [spring-test-3.2.1.RELEASE.jar:3.2.1.RELEASE]
	at org.springframework.test.context.junit4.statements.RunAfterTestClassCallbacks.evaluate(RunAfterTestClassCallbacks.java:71) [spring-test-3.2.1.RELEASE.jar:3.2.1.RELEASE]
	at org.junit.runners.ParentRunner.run(ParentRunner.java:300) [junit-dep-4.10.jar:na]
	at org.springframework.test.context.junit4.SpringJUnit4ClassRunner.run(SpringJUnit4ClassRunner.java:174) [spring-test-3.2.1.RELEASE.jar:3.2.1.RELEASE]
	at org.apache.maven.surefire.junit4.JUnit4Provider.execute(JUnit4Provider.java:264) [surefire-junit4-2.13.jar:2.13]
	at org.apache.maven.surefire.junit4.JUnit4Provider.executeTestSet(JUnit4Provider.java:153) [surefire-junit4-2.13.jar:2.13]
	at org.apache.maven.surefire.junit4.JUnit4Provider.invoke(JUnit4Provider.java:124) [surefire-junit4-2.13.jar:2.13]
	at sun.reflect.NativeMethodAccessorImpl.invoke0(Native Method) ~[na:1.8.0_101]
	at sun.reflect.NativeMethodAccessorImpl.invoke(NativeMethodAccessorImpl.java:62) ~[na:1.8.0_101]
	at sun.reflect.DelegatingMethodAccessorImpl.invoke(DelegatingMethodAccessorImpl.java:43) ~[na:1.8.0_101]
	at java.lang.reflect.Method.invoke(Method.java:498) ~[na:1.8.0_101]
	at org.apache.maven.surefire.util.ReflectionUtils.invokeMethodWithArray2(ReflectionUtils.java:208) [surefire-api-2.13.jar:2.13]
	at org.apache.maven.surefire.booter.ProviderFactory$ProviderProxy.invoke(ProviderFactory.java:158) [surefire-booter-2.13.jar:2.13]
	at org.apache.maven.surefire.booter.ProviderFactory.invokeProvider(ProviderFactory.java:86) [surefire-booter-2.13.jar:2.13]
	at org.apache.maven.surefire.booter.ForkedBooter.runSuitesInProcess(ForkedBooter.java:153) [surefire-booter-2.13.jar:2.13]
	at org.apache.maven.surefire.booter.ForkedBooter.main(ForkedBooter.java:95) [surefire-booter-2.13.jar:2.13]
Caused by: java.lang.IllegalArgumentException: null
	at org.springframework.asm.ClassReader.<init>(Unknown Source) ~[spring-core-3.2.1.RELEASE.jar:3.2.1.RELEASE]
	at org.springframework.asm.ClassReader.<init>(Unknown Source) ~[spring-core-3.2.1.RELEASE.jar:3.2.1.RELEASE]
	at org.springframework.asm.ClassReader.<init>(Unknown Source) ~[spring-core-3.2.1.RELEASE.jar:3.2.1.RELEASE]
	at org.springframework.core.type.classreading.SimpleMetadataReader.<init>(SimpleMetadataReader.java:52) ~[spring-core-3.2.1.RELEASE.jar:3.2.1.RELEASE]
	at org.springframework.core.type.classreading.SimpleMetadataReaderFactory.getMetadataReader(SimpleMetadataReaderFactory.java:80) ~[spring-core-3.2.1.RELEASE.jar:3.2.1.RELEASE]
	at org.springframework.core.type.classreading.CachingMetadataReaderFactory.getMetadataReader(CachingMetadataReaderFactory.java:102) ~[spring-core-3.2.1.RELEASE.jar:3.2.1.RELEASE]
	at org.springframework.core.type.classreading.SimpleMetadataReaderFactory.getMetadataReader(SimpleMetadataReaderFactory.java:76) ~[spring-core-3.2.1.RELEASE.jar:3.2.1.RELEASE]
	at org.springframework.context.annotation.ConfigurationClassParser.getImports(ConfigurationClassParser.java:298) ~[spring-context-3.2.1.RELEASE.jar:3.2.1.RELEASE]
	at org.springframework.context.annotation.ConfigurationClassParser.getImports(ConfigurationClassParser.java:300) ~[spring-context-3.2.1.RELEASE.jar:3.2.1.RELEASE]
	at org.springframework.context.annotation.ConfigurationClassParser.getImports(ConfigurationClassParser.java:300) ~[spring-context-3.2.1.RELEASE.jar:3.2.1.RELEASE]
	at org.springframework.context.annotation.ConfigurationClassParser.doProcessConfigurationClass(ConfigurationClassParser.java:230) ~[spring-context-3.2.1.RELEASE.jar:3.2.1.RELEASE]
	at org.springframework.context.annotation.ConfigurationClassParser.processConfigurationClass(ConfigurationClassParser.java:153) ~[spring-context-3.2.1.RELEASE.jar:3.2.1.RELEASE]
	at org.springframework.context.annotation.ConfigurationClassParser.parse(ConfigurationClassParser.java:139) ~[spring-context-3.2.1.RELEASE.jar:3.2.1.RELEASE]
	at org.springframework.context.annotation.ConfigurationClassPostProcessor.processConfigBeanDefinitions(ConfigurationClassPostProcessor.java:282) ~[spring-context-3.2.1.RELEASE.jar:3.2.1.RELEASE]
	at org.springframework.context.annotation.ConfigurationClassPostProcessor.postProcessBeanDefinitionRegistry(ConfigurationClassPostProcessor.java:223) ~[spring-context-3.2.1.RELEASE.jar:3.2.1.RELEASE]
	at org.springframework.context.support.AbstractApplicationContext.invokeBeanFactoryPostProcessors(AbstractApplicationContext.java:630) ~[spring-context-3.2.1.RELEASE.jar:3.2.1.RELEASE]
	at org.springframework.context.support.AbstractApplicationContext.refresh(AbstractApplicationContext.java:461) ~[spring-context-3.2.1.RELEASE.jar:3.2.1.RELEASE]
	at org.springframework.test.context.support.AbstractGenericContextLoader.loadContext(AbstractGenericContextLoader.java:106) ~[spring-test-3.2.1.RELEASE.jar:3.2.1.RELEASE]
	at org.springframework.test.context.support.AbstractGenericContextLoader.loadContext(AbstractGenericContextLoader.java:57) ~[spring-test-3.2.1.RELEASE.jar:3.2.1.RELEASE]
	at org.springframework.test.context.support.AbstractDelegatingSmartContextLoader.delegateLoading(AbstractDelegatingSmartContextLoader.java:100) ~[spring-test-3.2.1.RELEASE.jar:3.2.1.RELEASE]
	at org.springframework.test.context.support.AbstractDelegatingSmartContextLoader.loadContext(AbstractDelegatingSmartContextLoader.java:248) ~[spring-test-3.2.1.RELEASE.jar:3.2.1.RELEASE]
	at org.springframework.test.context.TestContext.loadApplicationContext(TestContext.java:124) ~[spring-test-3.2.1.RELEASE.jar:3.2.1.RELEASE]
	at org.springframework.test.context.TestContext.getApplicationContext(TestContext.java:148) ~[spring-test-3.2.1.RELEASE.jar:3.2.1.RELEASE]
	... 30 common frames omitted
Tests run: 3, Failures: 0, Errors: 3, Skipped: 0, Time elapsed: 0.331 sec <<< FAILURE!
findsProductsByAttributes(com.oreilly.springdata.gemfire.core.ProductRepositoryIntegrationTest)  Time elapsed: 0.122 sec  <<< ERROR!
java.lang.IllegalStateException: Failed to load ApplicationContext
	at org.springframework.asm.ClassReader.<init>(Unknown Source)
	at org.springframework.asm.ClassReader.<init>(Unknown Source)
	at org.springframework.asm.ClassReader.<init>(Unknown Source)
	at org.springframework.core.type.classreading.SimpleMetadataReader.<init>(SimpleMetadataReader.java:52)
	at org.springframework.core.type.classreading.SimpleMetadataReaderFactory.getMetadataReader(SimpleMetadataReaderFactory.java:80)
	at org.springframework.core.type.classreading.CachingMetadataReaderFactory.getMetadataReader(CachingMetadataReaderFactory.java:102)
	at org.springframework.core.type.classreading.SimpleMetadataReaderFactory.getMetadataReader(SimpleMetadataReaderFactory.java:76)
	at org.springframework.context.annotation.ConfigurationClassParser.getImports(ConfigurationClassParser.java:298)
	at org.springframework.context.annotation.ConfigurationClassParser.getImports(ConfigurationClassParser.java:300)
	at org.springframework.context.annotation.ConfigurationClassParser.getImports(ConfigurationClassParser.java:300)
	at org.springframework.context.annotation.ConfigurationClassParser.doProcessConfigurationClass(ConfigurationClassParser.java:230)
	at org.springframework.context.annotation.ConfigurationClassParser.processConfigurationClass(ConfigurationClassParser.java:153)
	at org.springframework.context.annotation.ConfigurationClassParser.parse(ConfigurationClassParser.java:139)
	at org.springframework.context.annotation.ConfigurationClassPostProcessor.processConfigBeanDefinitions(ConfigurationClassPostProcessor.java:282)
	at org.springframework.context.annotation.ConfigurationClassPostProcessor.postProcessBeanDefinitionRegistry(ConfigurationClassPostProcessor.java:223)
	at org.springframework.context.support.AbstractApplicationContext.invokeBeanFactoryPostProcessors(AbstractApplicationContext.java:630)
	at org.springframework.context.support.AbstractApplicationContext.refresh(AbstractApplicationContext.java:461)
	at org.springframework.test.context.support.AbstractGenericContextLoader.loadContext(AbstractGenericContextLoader.java:106)
	at org.springframework.test.context.support.AbstractGenericContextLoader.loadContext(AbstractGenericContextLoader.java:57)
	at org.springframework.test.context.support.AbstractDelegatingSmartContextLoader.delegateLoading(AbstractDelegatingSmartContextLoader.java:100)
	at org.springframework.test.context.support.AbstractDelegatingSmartContextLoader.loadContext(AbstractDelegatingSmartContextLoader.java:248)
	at org.springframework.test.context.TestContext.loadApplicationContext(TestContext.java:124)
	at org.springframework.test.context.TestContext.getApplicationContext(TestContext.java:148)
	at org.springframework.test.context.support.DependencyInjectionTestExecutionListener.injectDependencies(DependencyInjectionTestExecutionListener.java:109)
	at org.springframework.test.context.support.DependencyInjectionTestExecutionListener.prepareTestInstance(DependencyInjectionTestExecutionListener.java:75)
	at org.springframework.test.context.TestContextManager.prepareTestInstance(TestContextManager.java:313)
	at org.springframework.test.context.junit4.SpringJUnit4ClassRunner.createTest(SpringJUnit4ClassRunner.java:211)
	at org.springframework.test.context.junit4.SpringJUnit4ClassRunner$1.runReflectiveCall(SpringJUnit4ClassRunner.java:288)
	at org.junit.internal.runners.model.ReflectiveCallable.run(ReflectiveCallable.java:15)
	at org.springframework.test.context.junit4.SpringJUnit4ClassRunner.methodBlock(SpringJUnit4ClassRunner.java:284)
	at org.springframework.test.context.junit4.SpringJUnit4ClassRunner.runChild(SpringJUnit4ClassRunner.java:231)
	at org.springframework.test.context.junit4.SpringJUnit4ClassRunner.runChild(SpringJUnit4ClassRunner.java:88)
	at org.junit.runners.ParentRunner$3.run(ParentRunner.java:231)
	at org.junit.runners.ParentRunner$1.schedule(ParentRunner.java:60)
	at org.junit.runners.ParentRunner.runChildren(ParentRunner.java:229)
	at org.junit.runners.ParentRunner.access$000(ParentRunner.java:50)
	at org.junit.runners.ParentRunner$2.evaluate(ParentRunner.java:222)
	at org.springframework.test.context.junit4.statements.RunBeforeTestClassCallbacks.evaluate(RunBeforeTestClassCallbacks.java:61)
	at org.springframework.test.context.junit4.statements.RunAfterTestClassCallbacks.evaluate(RunAfterTestClassCallbacks.java:71)
	at org.junit.runners.ParentRunner.run(ParentRunner.java:300)
	at org.springframework.test.context.junit4.SpringJUnit4ClassRunner.run(SpringJUnit4ClassRunner.java:174)
	at org.apache.maven.surefire.junit4.JUnit4Provider.execute(JUnit4Provider.java:264)
	at org.apache.maven.surefire.junit4.JUnit4Provider.executeTestSet(JUnit4Provider.java:153)
	at org.apache.maven.surefire.junit4.JUnit4Provider.invoke(JUnit4Provider.java:124)
	at sun.reflect.NativeMethodAccessorImpl.invoke0(Native Method)
	at sun.reflect.NativeMethodAccessorImpl.invoke(NativeMethodAccessorImpl.java:62)
	at sun.reflect.DelegatingMethodAccessorImpl.invoke(DelegatingMethodAccessorImpl.java:43)
	at java.lang.reflect.Method.invoke(Method.java:498)
	at org.apache.maven.surefire.util.ReflectionUtils.invokeMethodWithArray2(ReflectionUtils.java:208)
	at org.apache.maven.surefire.booter.ProviderFactory$ProviderProxy.invoke(ProviderFactory.java:158)
	at org.apache.maven.surefire.booter.ProviderFactory.invokeProvider(ProviderFactory.java:86)
	at org.apache.maven.surefire.booter.ForkedBooter.runSuitesInProcess(ForkedBooter.java:153)
	at org.apache.maven.surefire.booter.ForkedBooter.main(ForkedBooter.java:95)

lookupProductsByDescription(com.oreilly.springdata.gemfire.core.ProductRepositoryIntegrationTest)  Time elapsed: 0.005 sec  <<< ERROR!
java.lang.IllegalStateException: Failed to load ApplicationContext
	at org.springframework.asm.ClassReader.<init>(Unknown Source)
	at org.springframework.asm.ClassReader.<init>(Unknown Source)
	at org.springframework.asm.ClassReader.<init>(Unknown Source)
	at org.springframework.core.type.classreading.SimpleMetadataReader.<init>(SimpleMetadataReader.java:52)
	at org.springframework.core.type.classreading.SimpleMetadataReaderFactory.getMetadataReader(SimpleMetadataReaderFactory.java:80)
	at org.springframework.core.type.classreading.CachingMetadataReaderFactory.getMetadataReader(CachingMetadataReaderFactory.java:102)
	at org.springframework.core.type.classreading.SimpleMetadataReaderFactory.getMetadataReader(SimpleMetadataReaderFactory.java:76)
	at org.springframework.context.annotation.ConfigurationClassParser.getImports(ConfigurationClassParser.java:298)
	at org.springframework.context.annotation.ConfigurationClassParser.getImports(ConfigurationClassParser.java:300)
	at org.springframework.context.annotation.ConfigurationClassParser.getImports(ConfigurationClassParser.java:300)
	at org.springframework.context.annotation.ConfigurationClassParser.doProcessConfigurationClass(ConfigurationClassParser.java:230)
	at org.springframework.context.annotation.ConfigurationClassParser.processConfigurationClass(ConfigurationClassParser.java:153)
	at org.springframework.context.annotation.ConfigurationClassParser.parse(ConfigurationClassParser.java:139)
	at org.springframework.context.annotation.ConfigurationClassPostProcessor.processConfigBeanDefinitions(ConfigurationClassPostProcessor.java:282)
	at org.springframework.context.annotation.ConfigurationClassPostProcessor.postProcessBeanDefinitionRegistry(ConfigurationClassPostProcessor.java:223)
	at org.springframework.context.support.AbstractApplicationContext.invokeBeanFactoryPostProcessors(AbstractApplicationContext.java:630)
	at org.springframework.context.support.AbstractApplicationContext.refresh(AbstractApplicationContext.java:461)
	at org.springframework.test.context.support.AbstractGenericContextLoader.loadContext(AbstractGenericContextLoader.java:106)
	at org.springframework.test.context.support.AbstractGenericContextLoader.loadContext(AbstractGenericContextLoader.java:57)
	at org.springframework.test.context.support.AbstractDelegatingSmartContextLoader.delegateLoading(AbstractDelegatingSmartContextLoader.java:100)
	at org.springframework.test.context.support.AbstractDelegatingSmartContextLoader.loadContext(AbstractDelegatingSmartContextLoader.java:248)
	at org.springframework.test.context.TestContext.loadApplicationContext(TestContext.java:124)
	at org.springframework.test.context.TestContext.getApplicationContext(TestContext.java:148)
	at org.springframework.test.context.support.DependencyInjectionTestExecutionListener.injectDependencies(DependencyInjectionTestExecutionListener.java:109)
	at org.springframework.test.context.support.DependencyInjectionTestExecutionListener.prepareTestInstance(DependencyInjectionTestExecutionListener.java:75)
	at org.springframework.test.context.TestContextManager.prepareTestInstance(TestContextManager.java:313)
	at org.springframework.test.context.junit4.SpringJUnit4ClassRunner.createTest(SpringJUnit4ClassRunner.java:211)
	at org.springframework.test.context.junit4.SpringJUnit4ClassRunner$1.runReflectiveCall(SpringJUnit4ClassRunner.java:288)
	at org.junit.internal.runners.model.ReflectiveCallable.run(ReflectiveCallable.java:15)
	at org.springframework.test.context.junit4.SpringJUnit4ClassRunner.methodBlock(SpringJUnit4ClassRunner.java:284)
	at org.springframework.test.context.junit4.SpringJUnit4ClassRunner.runChild(SpringJUnit4ClassRunner.java:231)
	at org.springframework.test.context.junit4.SpringJUnit4ClassRunner.runChild(SpringJUnit4ClassRunner.java:88)
	at org.junit.runners.ParentRunner$3.run(ParentRunner.java:231)
	at org.junit.runners.ParentRunner$1.schedule(ParentRunner.java:60)
	at org.junit.runners.ParentRunner.runChildren(ParentRunner.java:229)
	at org.junit.runners.ParentRunner.access$000(ParentRunner.java:50)
	at org.junit.runners.ParentRunner$2.evaluate(ParentRunner.java:222)
	at org.springframework.test.context.junit4.statements.RunBeforeTestClassCallbacks.evaluate(RunBeforeTestClassCallbacks.java:61)
	at org.springframework.test.context.junit4.statements.RunAfterTestClassCallbacks.evaluate(RunAfterTestClassCallbacks.java:71)
	at org.junit.runners.ParentRunner.run(ParentRunner.java:300)
	at org.springframework.test.context.junit4.SpringJUnit4ClassRunner.run(SpringJUnit4ClassRunner.java:174)
	at org.apache.maven.surefire.junit4.JUnit4Provider.execute(JUnit4Provider.java:264)
	at org.apache.maven.surefire.junit4.JUnit4Provider.executeTestSet(JUnit4Provider.java:153)
	at org.apache.maven.surefire.junit4.JUnit4Provider.invoke(JUnit4Provider.java:124)
	at sun.reflect.NativeMethodAccessorImpl.invoke0(Native Method)
	at sun.reflect.NativeMethodAccessorImpl.invoke(NativeMethodAccessorImpl.java:62)
	at sun.reflect.DelegatingMethodAccessorImpl.invoke(DelegatingMethodAccessorImpl.java:43)
	at java.lang.reflect.Method.invoke(Method.java:498)
	at org.apache.maven.surefire.util.ReflectionUtils.invokeMethodWithArray2(ReflectionUtils.java:208)
	at org.apache.maven.surefire.booter.ProviderFactory$ProviderProxy.invoke(ProviderFactory.java:158)
	at org.apache.maven.surefire.booter.ProviderFactory.invokeProvider(ProviderFactory.java:86)
	at org.apache.maven.surefire.booter.ForkedBooter.runSuitesInProcess(ForkedBooter.java:153)
	at org.apache.maven.surefire.booter.ForkedBooter.main(ForkedBooter.java:95)

createProduct(com.oreilly.springdata.gemfire.core.ProductRepositoryIntegrationTest)  Time elapsed: 0.005 sec  <<< ERROR!
java.lang.IllegalStateException: Failed to load ApplicationContext
	at org.springframework.asm.ClassReader.<init>(Unknown Source)
	at org.springframework.asm.ClassReader.<init>(Unknown Source)
	at org.springframework.asm.ClassReader.<init>(Unknown Source)
	at org.springframework.core.type.classreading.SimpleMetadataReader.<init>(SimpleMetadataReader.java:52)
	at org.springframework.core.type.classreading.SimpleMetadataReaderFactory.getMetadataReader(SimpleMetadataReaderFactory.java:80)
	at org.springframework.core.type.classreading.CachingMetadataReaderFactory.getMetadataReader(CachingMetadataReaderFactory.java:102)
	at org.springframework.core.type.classreading.SimpleMetadataReaderFactory.getMetadataReader(SimpleMetadataReaderFactory.java:76)
	at org.springframework.context.annotation.ConfigurationClassParser.getImports(ConfigurationClassParser.java:298)
	at org.springframework.context.annotation.ConfigurationClassParser.getImports(ConfigurationClassParser.java:300)
	at org.springframework.context.annotation.ConfigurationClassParser.getImports(ConfigurationClassParser.java:300)
	at org.springframework.context.annotation.ConfigurationClassParser.doProcessConfigurationClass(ConfigurationClassParser.java:230)
	at org.springframework.context.annotation.ConfigurationClassParser.processConfigurationClass(ConfigurationClassParser.java:153)
	at org.springframework.context.annotation.ConfigurationClassParser.parse(ConfigurationClassParser.java:139)
	at org.springframework.context.annotation.ConfigurationClassPostProcessor.processConfigBeanDefinitions(ConfigurationClassPostProcessor.java:282)
	at org.springframework.context.annotation.ConfigurationClassPostProcessor.postProcessBeanDefinitionRegistry(ConfigurationClassPostProcessor.java:223)
	at org.springframework.context.support.AbstractApplicationContext.invokeBeanFactoryPostProcessors(AbstractApplicationContext.java:630)
	at org.springframework.context.support.AbstractApplicationContext.refresh(AbstractApplicationContext.java:461)
	at org.springframework.test.context.support.AbstractGenericContextLoader.loadContext(AbstractGenericContextLoader.java:106)
	at org.springframework.test.context.support.AbstractGenericContextLoader.loadContext(AbstractGenericContextLoader.java:57)
	at org.springframework.test.context.support.AbstractDelegatingSmartContextLoader.delegateLoading(AbstractDelegatingSmartContextLoader.java:100)
	at org.springframework.test.context.support.AbstractDelegatingSmartContextLoader.loadContext(AbstractDelegatingSmartContextLoader.java:248)
	at org.springframework.test.context.TestContext.loadApplicationContext(TestContext.java:124)
	at org.springframework.test.context.TestContext.getApplicationContext(TestContext.java:148)
	at org.springframework.test.context.support.DependencyInjectionTestExecutionListener.injectDependencies(DependencyInjectionTestExecutionListener.java:109)
	at org.springframework.test.context.support.DependencyInjectionTestExecutionListener.prepareTestInstance(DependencyInjectionTestExecutionListener.java:75)
	at org.springframework.test.context.TestContextManager.prepareTestInstance(TestContextManager.java:313)
	at org.springframework.test.context.junit4.SpringJUnit4ClassRunner.createTest(SpringJUnit4ClassRunner.java:211)
	at org.springframework.test.context.junit4.SpringJUnit4ClassRunner$1.runReflectiveCall(SpringJUnit4ClassRunner.java:288)
	at org.junit.internal.runners.model.ReflectiveCallable.run(ReflectiveCallable.java:15)
	at org.springframework.test.context.junit4.SpringJUnit4ClassRunner.methodBlock(SpringJUnit4ClassRunner.java:284)
	at org.springframework.test.context.junit4.SpringJUnit4ClassRunner.runChild(SpringJUnit4ClassRunner.java:231)
	at org.springframework.test.context.junit4.SpringJUnit4ClassRunner.runChild(SpringJUnit4ClassRunner.java:88)
	at org.junit.runners.ParentRunner$3.run(ParentRunner.java:231)
	at org.junit.runners.ParentRunner$1.schedule(ParentRunner.java:60)
	at org.junit.runners.ParentRunner.runChildren(ParentRunner.java:229)
	at org.junit.runners.ParentRunner.access$000(ParentRunner.java:50)
	at org.junit.runners.ParentRunner$2.evaluate(ParentRunner.java:222)
	at org.springframework.test.context.junit4.statements.RunBeforeTestClassCallbacks.evaluate(RunBeforeTestClassCallbacks.java:61)
	at org.springframework.test.context.junit4.statements.RunAfterTestClassCallbacks.evaluate(RunAfterTestClassCallbacks.java:71)
	at org.junit.runners.ParentRunner.run(ParentRunner.java:300)
	at org.springframework.test.context.junit4.SpringJUnit4ClassRunner.run(SpringJUnit4ClassRunner.java:174)
	at org.apache.maven.surefire.junit4.JUnit4Provider.execute(JUnit4Provider.java:264)
	at org.apache.maven.surefire.junit4.JUnit4Provider.executeTestSet(JUnit4Provider.java:153)
	at org.apache.maven.surefire.junit4.JUnit4Provider.invoke(JUnit4Provider.java:124)
	at sun.reflect.NativeMethodAccessorImpl.invoke0(Native Method)
	at sun.reflect.NativeMethodAccessorImpl.invoke(NativeMethodAccessorImpl.java:62)
	at sun.reflect.DelegatingMethodAccessorImpl.invoke(DelegatingMethodAccessorImpl.java:43)
	at java.lang.reflect.Method.invoke(Method.java:498)
	at org.apache.maven.surefire.util.ReflectionUtils.invokeMethodWithArray2(ReflectionUtils.java:208)
	at org.apache.maven.surefire.booter.ProviderFactory$ProviderProxy.invoke(ProviderFactory.java:158)
	at org.apache.maven.surefire.booter.ProviderFactory.invokeProvider(ProviderFactory.java:86)
	at org.apache.maven.surefire.booter.ForkedBooter.runSuitesInProcess(ForkedBooter.java:153)
	at org.apache.maven.surefire.booter.ForkedBooter.main(ForkedBooter.java:95)

Running com.oreilly.springdata.gemfire.core.CustomerRepositoryIntegrationTest
2017-03-03 10:41:43,633  INFO ontext.support.GenericApplicationContext: 510 - Refreshing org.springframework.context.support.GenericApplicationContext@711f39f9: startup date [Fri Mar 03 10:41:43 BRT 2017]; root of context hierarchy
2017-03-03 10:41:43,680 ERROR ramework.test.context.TestContextManager: 315 - Caught exception while allowing TestExecutionListener [org.springframework.test.context.support.DependencyInjectionTestExecutionListener@1df82230] to prepare test instance [com.oreilly.springdata.gemfire.core.CustomerRepositoryIntegrationTest@22635ba0]
java.lang.IllegalStateException: Failed to load ApplicationContext
	at org.springframework.test.context.TestContext.getApplicationContext(TestContext.java:157) ~[spring-test-3.2.1.RELEASE.jar:3.2.1.RELEASE]
	at org.springframework.test.context.support.DependencyInjectionTestExecutionListener.injectDependencies(DependencyInjectionTestExecutionListener.java:109) ~[spring-test-3.2.1.RELEASE.jar:3.2.1.RELEASE]
	at org.springframework.test.context.support.DependencyInjectionTestExecutionListener.prepareTestInstance(DependencyInjectionTestExecutionListener.java:75) ~[spring-test-3.2.1.RELEASE.jar:3.2.1.RELEASE]
	at org.springframework.test.context.TestContextManager.prepareTestInstance(TestContextManager.java:313) ~[spring-test-3.2.1.RELEASE.jar:3.2.1.RELEASE]
	at org.springframework.test.context.junit4.SpringJUnit4ClassRunner.createTest(SpringJUnit4ClassRunner.java:211) [spring-test-3.2.1.RELEASE.jar:3.2.1.RELEASE]
	at org.springframework.test.context.junit4.SpringJUnit4ClassRunner$1.runReflectiveCall(SpringJUnit4ClassRunner.java:288) [spring-test-3.2.1.RELEASE.jar:3.2.1.RELEASE]
	at org.junit.internal.runners.model.ReflectiveCallable.run(ReflectiveCallable.java:15) [junit-dep-4.10.jar:na]
	at org.springframework.test.context.junit4.SpringJUnit4ClassRunner.methodBlock(SpringJUnit4ClassRunner.java:284) [spring-test-3.2.1.RELEASE.jar:3.2.1.RELEASE]
	at org.springframework.test.context.junit4.SpringJUnit4ClassRunner.runChild(SpringJUnit4ClassRunner.java:231) [spring-test-3.2.1.RELEASE.jar:3.2.1.RELEASE]
	at org.springframework.test.context.junit4.SpringJUnit4ClassRunner.runChild(SpringJUnit4ClassRunner.java:88) [spring-test-3.2.1.RELEASE.jar:3.2.1.RELEASE]
	at org.junit.runners.ParentRunner$3.run(ParentRunner.java:231) [junit-dep-4.10.jar:na]
	at org.junit.runners.ParentRunner$1.schedule(ParentRunner.java:60) [junit-dep-4.10.jar:na]
	at org.junit.runners.ParentRunner.runChildren(ParentRunner.java:229) [junit-dep-4.10.jar:na]
	at org.junit.runners.ParentRunner.access$000(ParentRunner.java:50) [junit-dep-4.10.jar:na]
	at org.junit.runners.ParentRunner$2.evaluate(ParentRunner.java:222) [junit-dep-4.10.jar:na]
	at org.springframework.test.context.junit4.statements.RunBeforeTestClassCallbacks.evaluate(RunBeforeTestClassCallbacks.java:61) [spring-test-3.2.1.RELEASE.jar:3.2.1.RELEASE]
	at org.springframework.test.context.junit4.statements.RunAfterTestClassCallbacks.evaluate(RunAfterTestClassCallbacks.java:71) [spring-test-3.2.1.RELEASE.jar:3.2.1.RELEASE]
	at org.junit.runners.ParentRunner.run(ParentRunner.java:300) [junit-dep-4.10.jar:na]
	at org.springframework.test.context.junit4.SpringJUnit4ClassRunner.run(SpringJUnit4ClassRunner.java:174) [spring-test-3.2.1.RELEASE.jar:3.2.1.RELEASE]
	at org.apache.maven.surefire.junit4.JUnit4Provider.execute(JUnit4Provider.java:264) [surefire-junit4-2.13.jar:2.13]
	at org.apache.maven.surefire.junit4.JUnit4Provider.executeTestSet(JUnit4Provider.java:153) [surefire-junit4-2.13.jar:2.13]
	at org.apache.maven.surefire.junit4.JUnit4Provider.invoke(JUnit4Provider.java:124) [surefire-junit4-2.13.jar:2.13]
	at sun.reflect.NativeMethodAccessorImpl.invoke0(Native Method) ~[na:1.8.0_101]
	at sun.reflect.NativeMethodAccessorImpl.invoke(NativeMethodAccessorImpl.java:62) ~[na:1.8.0_101]
	at sun.reflect.DelegatingMethodAccessorImpl.invoke(DelegatingMethodAccessorImpl.java:43) ~[na:1.8.0_101]
	at java.lang.reflect.Method.invoke(Method.java:498) ~[na:1.8.0_101]
	at org.apache.maven.surefire.util.ReflectionUtils.invokeMethodWithArray2(ReflectionUtils.java:208) [surefire-api-2.13.jar:2.13]
	at org.apache.maven.surefire.booter.ProviderFactory$ProviderProxy.invoke(ProviderFactory.java:158) [surefire-booter-2.13.jar:2.13]
	at org.apache.maven.surefire.booter.ProviderFactory.invokeProvider(ProviderFactory.java:86) [surefire-booter-2.13.jar:2.13]
	at org.apache.maven.surefire.booter.ForkedBooter.runSuitesInProcess(ForkedBooter.java:153) [surefire-booter-2.13.jar:2.13]
	at org.apache.maven.surefire.booter.ForkedBooter.main(ForkedBooter.java:95) [surefire-booter-2.13.jar:2.13]
Caused by: java.lang.IllegalArgumentException: null
	at org.springframework.asm.ClassReader.<init>(Unknown Source) ~[spring-core-3.2.1.RELEASE.jar:3.2.1.RELEASE]
	at org.springframework.asm.ClassReader.<init>(Unknown Source) ~[spring-core-3.2.1.RELEASE.jar:3.2.1.RELEASE]
	at org.springframework.asm.ClassReader.<init>(Unknown Source) ~[spring-core-3.2.1.RELEASE.jar:3.2.1.RELEASE]
	at org.springframework.core.type.classreading.SimpleMetadataReader.<init>(SimpleMetadataReader.java:52) ~[spring-core-3.2.1.RELEASE.jar:3.2.1.RELEASE]
	at org.springframework.core.type.classreading.SimpleMetadataReaderFactory.getMetadataReader(SimpleMetadataReaderFactory.java:80) ~[spring-core-3.2.1.RELEASE.jar:3.2.1.RELEASE]
	at org.springframework.core.type.classreading.CachingMetadataReaderFactory.getMetadataReader(CachingMetadataReaderFactory.java:102) ~[spring-core-3.2.1.RELEASE.jar:3.2.1.RELEASE]
	at org.springframework.core.type.classreading.SimpleMetadataReaderFactory.getMetadataReader(SimpleMetadataReaderFactory.java:76) ~[spring-core-3.2.1.RELEASE.jar:3.2.1.RELEASE]
	at org.springframework.context.annotation.ConfigurationClassParser.getImports(ConfigurationClassParser.java:298) ~[spring-context-3.2.1.RELEASE.jar:3.2.1.RELEASE]
	at org.springframework.context.annotation.ConfigurationClassParser.getImports(ConfigurationClassParser.java:300) ~[spring-context-3.2.1.RELEASE.jar:3.2.1.RELEASE]
	at org.springframework.context.annotation.ConfigurationClassParser.getImports(ConfigurationClassParser.java:300) ~[spring-context-3.2.1.RELEASE.jar:3.2.1.RELEASE]
	at org.springframework.context.annotation.ConfigurationClassParser.doProcessConfigurationClass(ConfigurationClassParser.java:230) ~[spring-context-3.2.1.RELEASE.jar:3.2.1.RELEASE]
	at org.springframework.context.annotation.ConfigurationClassParser.processConfigurationClass(ConfigurationClassParser.java:153) ~[spring-context-3.2.1.RELEASE.jar:3.2.1.RELEASE]
	at org.springframework.context.annotation.ConfigurationClassParser.parse(ConfigurationClassParser.java:139) ~[spring-context-3.2.1.RELEASE.jar:3.2.1.RELEASE]
	at org.springframework.context.annotation.ConfigurationClassPostProcessor.processConfigBeanDefinitions(ConfigurationClassPostProcessor.java:282) ~[spring-context-3.2.1.RELEASE.jar:3.2.1.RELEASE]
	at org.springframework.context.annotation.ConfigurationClassPostProcessor.postProcessBeanDefinitionRegistry(ConfigurationClassPostProcessor.java:223) ~[spring-context-3.2.1.RELEASE.jar:3.2.1.RELEASE]
	at org.springframework.context.support.AbstractApplicationContext.invokeBeanFactoryPostProcessors(AbstractApplicationContext.java:630) ~[spring-context-3.2.1.RELEASE.jar:3.2.1.RELEASE]
	at org.springframework.context.support.AbstractApplicationContext.refresh(AbstractApplicationContext.java:461) ~[spring-context-3.2.1.RELEASE.jar:3.2.1.RELEASE]
	at org.springframework.test.context.support.AbstractGenericContextLoader.loadContext(AbstractGenericContextLoader.java:106) ~[spring-test-3.2.1.RELEASE.jar:3.2.1.RELEASE]
	at org.springframework.test.context.support.AbstractGenericContextLoader.loadContext(AbstractGenericContextLoader.java:57) ~[spring-test-3.2.1.RELEASE.jar:3.2.1.RELEASE]
	at org.springframework.test.context.support.AbstractDelegatingSmartContextLoader.delegateLoading(AbstractDelegatingSmartContextLoader.java:100) ~[spring-test-3.2.1.RELEASE.jar:3.2.1.RELEASE]
	at org.springframework.test.context.support.AbstractDelegatingSmartContextLoader.loadContext(AbstractDelegatingSmartContextLoader.java:248) ~[spring-test-3.2.1.RELEASE.jar:3.2.1.RELEASE]
	at org.springframework.test.context.TestContext.loadApplicationContext(TestContext.java:124) ~[spring-test-3.2.1.RELEASE.jar:3.2.1.RELEASE]
	at org.springframework.test.context.TestContext.getApplicationContext(TestContext.java:148) ~[spring-test-3.2.1.RELEASE.jar:3.2.1.RELEASE]
	... 30 common frames omitted
Tests run: 1, Failures: 0, Errors: 1, Skipped: 0, Time elapsed: 0.316 sec <<< FAILURE!
testFind(com.oreilly.springdata.gemfire.core.CustomerRepositoryIntegrationTest)  Time elapsed: 0.123 sec  <<< ERROR!
java.lang.IllegalStateException: Failed to load ApplicationContext
	at org.springframework.asm.ClassReader.<init>(Unknown Source)
	at org.springframework.asm.ClassReader.<init>(Unknown Source)
	at org.springframework.asm.ClassReader.<init>(Unknown Source)
	at org.springframework.core.type.classreading.SimpleMetadataReader.<init>(SimpleMetadataReader.java:52)
	at org.springframework.core.type.classreading.SimpleMetadataReaderFactory.getMetadataReader(SimpleMetadataReaderFactory.java:80)
	at org.springframework.core.type.classreading.CachingMetadataReaderFactory.getMetadataReader(CachingMetadataReaderFactory.java:102)
	at org.springframework.core.type.classreading.SimpleMetadataReaderFactory.getMetadataReader(SimpleMetadataReaderFactory.java:76)
	at org.springframework.context.annotation.ConfigurationClassParser.getImports(ConfigurationClassParser.java:298)
	at org.springframework.context.annotation.ConfigurationClassParser.getImports(ConfigurationClassParser.java:300)
	at org.springframework.context.annotation.ConfigurationClassParser.getImports(ConfigurationClassParser.java:300)
	at org.springframework.context.annotation.ConfigurationClassParser.doProcessConfigurationClass(ConfigurationClassParser.java:230)
	at org.springframework.context.annotation.ConfigurationClassParser.processConfigurationClass(ConfigurationClassParser.java:153)
	at org.springframework.context.annotation.ConfigurationClassParser.parse(ConfigurationClassParser.java:139)
	at org.springframework.context.annotation.ConfigurationClassPostProcessor.processConfigBeanDefinitions(ConfigurationClassPostProcessor.java:282)
	at org.springframework.context.annotation.ConfigurationClassPostProcessor.postProcessBeanDefinitionRegistry(ConfigurationClassPostProcessor.java:223)
	at org.springframework.context.support.AbstractApplicationContext.invokeBeanFactoryPostProcessors(AbstractApplicationContext.java:630)
	at org.springframework.context.support.AbstractApplicationContext.refresh(AbstractApplicationContext.java:461)
	at org.springframework.test.context.support.AbstractGenericContextLoader.loadContext(AbstractGenericContextLoader.java:106)
	at org.springframework.test.context.support.AbstractGenericContextLoader.loadContext(AbstractGenericContextLoader.java:57)
	at org.springframework.test.context.support.AbstractDelegatingSmartContextLoader.delegateLoading(AbstractDelegatingSmartContextLoader.java:100)
	at org.springframework.test.context.support.AbstractDelegatingSmartContextLoader.loadContext(AbstractDelegatingSmartContextLoader.java:248)
	at org.springframework.test.context.TestContext.loadApplicationContext(TestContext.java:124)
	at org.springframework.test.context.TestContext.getApplicationContext(TestContext.java:148)
	at org.springframework.test.context.support.DependencyInjectionTestExecutionListener.injectDependencies(DependencyInjectionTestExecutionListener.java:109)
	at org.springframework.test.context.support.DependencyInjectionTestExecutionListener.prepareTestInstance(DependencyInjectionTestExecutionListener.java:75)
	at org.springframework.test.context.TestContextManager.prepareTestInstance(TestContextManager.java:313)
	at org.springframework.test.context.junit4.SpringJUnit4ClassRunner.createTest(SpringJUnit4ClassRunner.java:211)
	at org.springframework.test.context.junit4.SpringJUnit4ClassRunner$1.runReflectiveCall(SpringJUnit4ClassRunner.java:288)
	at org.junit.internal.runners.model.ReflectiveCallable.run(ReflectiveCallable.java:15)
	at org.springframework.test.context.junit4.SpringJUnit4ClassRunner.methodBlock(SpringJUnit4ClassRunner.java:284)
	at org.springframework.test.context.junit4.SpringJUnit4ClassRunner.runChild(SpringJUnit4ClassRunner.java:231)
	at org.springframework.test.context.junit4.SpringJUnit4ClassRunner.runChild(SpringJUnit4ClassRunner.java:88)
	at org.junit.runners.ParentRunner$3.run(ParentRunner.java:231)
	at org.junit.runners.ParentRunner$1.schedule(ParentRunner.java:60)
	at org.junit.runners.ParentRunner.runChildren(ParentRunner.java:229)
	at org.junit.runners.ParentRunner.access$000(ParentRunner.java:50)
	at org.junit.runners.ParentRunner$2.evaluate(ParentRunner.java:222)
	at org.springframework.test.context.junit4.statements.RunBeforeTestClassCallbacks.evaluate(RunBeforeTestClassCallbacks.java:61)
	at org.springframework.test.context.junit4.statements.RunAfterTestClassCallbacks.evaluate(RunAfterTestClassCallbacks.java:71)
	at org.junit.runners.ParentRunner.run(ParentRunner.java:300)
	at org.springframework.test.context.junit4.SpringJUnit4ClassRunner.run(SpringJUnit4ClassRunner.java:174)
	at org.apache.maven.surefire.junit4.JUnit4Provider.execute(JUnit4Provider.java:264)
	at org.apache.maven.surefire.junit4.JUnit4Provider.executeTestSet(JUnit4Provider.java:153)
	at org.apache.maven.surefire.junit4.JUnit4Provider.invoke(JUnit4Provider.java:124)
	at sun.reflect.NativeMethodAccessorImpl.invoke0(Native Method)
	at sun.reflect.NativeMethodAccessorImpl.invoke(NativeMethodAccessorImpl.java:62)
	at sun.reflect.DelegatingMethodAccessorImpl.invoke(DelegatingMethodAccessorImpl.java:43)
	at java.lang.reflect.Method.invoke(Method.java:498)
	at org.apache.maven.surefire.util.ReflectionUtils.invokeMethodWithArray2(ReflectionUtils.java:208)
	at org.apache.maven.surefire.booter.ProviderFactory$ProviderProxy.invoke(ProviderFactory.java:158)
	at org.apache.maven.surefire.booter.ProviderFactory.invokeProvider(ProviderFactory.java:86)
	at org.apache.maven.surefire.booter.ForkedBooter.runSuitesInProcess(ForkedBooter.java:153)
	at org.apache.maven.surefire.booter.ForkedBooter.main(ForkedBooter.java:95)


Results :

Tests in error: 
  ApplicationConfigTest.bootstrapAppFromJavaConfig:38 » IllegalArgument
   » IllegalState Failed to load ApplicationContext
   » IllegalState Failed to load ApplicationContext
   » IllegalState Failed to load ApplicationContext
   » IllegalState Failed to load ApplicationContext
   » IllegalState Failed to load ApplicationContext
   » IllegalState Failed to load ApplicationContext
   » IllegalState Failed to load ApplicationContext

Tests run: 9, Failures: 0, Errors: 8, Skipped: 0

[INFO] ------------------------------------------------------------------------
[INFO] BUILD FAILURE
[INFO] ------------------------------------------------------------------------
[INFO] Total time: 10.213 s
[INFO] Finished at: 2017-03-03T10:41:43-03:00
[INFO] Final Memory: 12M/216M
[INFO] ------------------------------------------------------------------------
[ERROR] Failed to execute goal org.apache.maven.plugins:maven-surefire-plugin:2.13:test (default-test) on project spring-data-book-gemfire: There are test failures.
[ERROR] 
[ERROR] Please refer to /home/guilherme/spring-projects/maven/spring-data-book/gemfire/target/surefire-reports for the individual test results.
[ERROR] -> [Help 1]
[ERROR] 
[ERROR] To see the full stack trace of the errors, re-run Maven with the -e switch.
[ERROR] Re-run Maven using the -X switch to enable full debug logging.
[ERROR] 
[ERROR] For more information about the errors and possible solutions, please read the following articles:
[ERROR] [Help 1] http://cwiki.apache.org/confluence/display/MAVEN/MojoFailureException
