[INFO] Scanning for projects...
[INFO]                                                                         
[INFO] ------------------------------------------------------------------------
[INFO] Building Spring Boot Docs 2.0.0.BUILD-SNAPSHOT
[INFO] ------------------------------------------------------------------------
[INFO] 
[INFO] --- maven-checkstyle-plugin:2.17:check (checkstyle-validation) @ spring-boot-docs ---
[INFO] Starting audit...
Audit done.
[INFO] 
[INFO] --- maven-enforcer-plugin:1.4:enforce (enforce-rules) @ spring-boot-docs ---
[INFO] 
[INFO] --- maven-resources-plugin:2.7:resources (default-resources) @ spring-boot-docs ---
[INFO] Using 'UTF-8' encoding to copy filtered resources.
[INFO] skip non existing resourceDirectory /home/guilherme/spring-projects/maven/spring-boot/spring-boot-docs/src/main/resources
[INFO] 
[INFO] --- maven-compiler-plugin:3.1:compile (default-compile) @ spring-boot-docs ---
[INFO] Nothing to compile - all classes are up to date
[INFO] 
[INFO] --- maven-resources-plugin:2.7:testResources (default-testResources) @ spring-boot-docs ---
[INFO] Using 'UTF-8' encoding to copy filtered resources.
[INFO] skip non existing resourceDirectory /home/guilherme/spring-projects/maven/spring-boot/spring-boot-docs/src/test/resources
[INFO] 
[INFO] --- maven-compiler-plugin:3.1:testCompile (default-testCompile) @ spring-boot-docs ---
[INFO] Nothing to compile - all classes are up to date
[INFO] 
[INFO] --- maven-surefire-plugin:2.16:test (default-test) @ spring-boot-docs ---
[INFO] Surefire report directory: /home/guilherme/spring-projects/maven/spring-boot/spring-boot-docs/target/surefire-reports

-------------------------------------------------------
 T E S T S
-------------------------------------------------------
Running org.springframework.boot.builder.SpringApplicationBuilderExampleTests
Tests run: 1, Failures: 0, Errors: 0, Skipped: 0, Time elapsed: 2.107 sec - in org.springframework.boot.builder.SpringApplicationBuilderExampleTests
Running org.springframework.boot.test.spock.SpockTestRestTemplateExampleTests
Tests run: 1, Failures: 0, Errors: 0, Skipped: 0, Time elapsed: 0.965 sec - in org.springframework.boot.test.spock.SpockTestRestTemplateExampleTests
Running org.springframework.boot.context.embedded.TomcatLegacyCookieProcessorExampleTests
Tests run: 1, Failures: 0, Errors: 1, Skipped: 0, Time elapsed: 1.472 sec <<< FAILURE! - in org.springframework.boot.context.embedded.TomcatLegacyCookieProcessorExampleTests
cookieProcessorIsCustomized(org.springframework.boot.context.embedded.TomcatLegacyCookieProcessorExampleTests)  Time elapsed: 1.471 sec  <<< ERROR!
java.lang.NoSuchMethodError: org.springframework.boot.context.embedded.EmbeddedWebApplicationContext.getEmbeddedServletContainer()Lorg/springframework/boot/context/embedded/EmbeddedServletContainer;
	at org.springframework.boot.context.embedded.TomcatLegacyCookieProcessorExampleTests.cookieProcessorIsCustomized(TomcatLegacyCookieProcessorExampleTests.java:44)


Results :

Tests in error: 
  TomcatLegacyCookieProcessorExampleTests.cookieProcessorIsCustomized:44 NoSuchMethod

Tests run: 3, Failures: 0, Errors: 1, Skipped: 0

[INFO] ------------------------------------------------------------------------
[INFO] BUILD FAILURE
[INFO] ------------------------------------------------------------------------
[INFO] Total time: 9.314 s
[INFO] Finished at: 2017-03-03T10:22:31-03:00
[INFO] Final Memory: 43M/485M
[INFO] ------------------------------------------------------------------------
[ERROR] Failed to execute goal org.apache.maven.plugins:maven-surefire-plugin:2.16:test (default-test) on project spring-boot-docs: There are test failures.
[ERROR] 
[ERROR] Please refer to /home/guilherme/spring-projects/maven/spring-boot/spring-boot-docs/target/surefire-reports for the individual test results.
[ERROR] -> [Help 1]
[ERROR] 
[ERROR] To see the full stack trace of the errors, re-run Maven with the -e switch.
[ERROR] Re-run Maven using the -X switch to enable full debug logging.
[ERROR] 
[ERROR] For more information about the errors and possible solutions, please read the following articles:
[ERROR] [Help 1] http://cwiki.apache.org/confluence/display/MAVEN/MojoFailureException
